#
# There is insufficient memory for the Java Runtime Environment to continue.
# Native memory allocation (malloc) failed to allocate 32744 bytes for ChunkPool::allocate
# Possible reasons:
#   The system is out of physical RAM or swap space
#   In 32 bit mode, the process size limit was hit
# Possible solutions:
#   Reduce memory load on the system
#   Increase physical memory or swap space
#   Check if swap backing store is full
#   Use 64 bit Java on a 64 bit OS
#   Decrease Java heap size (-Xmx/-Xms)
#   Decrease number of Java threads
#   Decrease Java thread stack sizes (-Xss)
#   Set larger code cache with -XX:ReservedCodeCacheSize=
# This output file may be truncated or incomplete.
#
#  Out of Memory Error (allocation.cpp:273), pid=4536, tid=9316
#
# JRE version: Java(TM) SE Runtime Environment (8.0_60-b27) (build 1.8.0_60-b27)
# Java VM: Java HotSpot(TM) 64-Bit Server VM (25.60-b23 mixed mode windows-amd64 compressed oops)
# Failed to write core dump. Minidumps are not enabled by default on client versions of Windows
#

---------------  T H R E A D  ---------------

Current thread (0x000000001555b000):  JavaThread "C2 CompilerThread0" daemon [_thread_in_native, id=9316, stack(0x0000000016a50000,0x0000000016b50000)]

Stack: [0x0000000016a50000,0x0000000016b50000]
[error occurred during error reporting (printing stack bounds), id 0xc0000005]

Native frames: (J=compiled Java code, j=interpreted, Vv=VM code, C=native code)


Current CompileTask:
C2:  14590 1895       4       com.android.dx.cf.code.Simulator$SimVisitor::visitLocal (329 bytes)


---------------  P R O C E S S  ---------------

Java Threads: ( => current thread )
  0x0000000016dd3000 JavaThread "pool-1-thread-4" [_thread_in_vm, id=5684, stack(0x0000000017750000,0x0000000017850000)]
  0x0000000016dd2800 JavaThread "pool-1-thread-3" [_thread_in_Java, id=4184, stack(0x0000000017650000,0x0000000017750000)]
  0x0000000016dcd000 JavaThread "pool-1-thread-2" [_thread_blocked, id=6236, stack(0x0000000017550000,0x0000000017650000)]
  0x0000000016dca000 JavaThread "pool-2-thread-1" [_thread_blocked, id=5656, stack(0x0000000017450000,0x0000000017550000)]
  0x0000000016dc7800 JavaThread "pool-1-thread-1" [_thread_blocked, id=7064, stack(0x0000000017350000,0x0000000017450000)]
  0x0000000016bb3000 JavaThread "Service Thread" daemon [_thread_blocked, id=10320, stack(0x0000000017150000,0x0000000017250000)]
  0x0000000016bab800 JavaThread "C1 CompilerThread2" daemon [_thread_blocked, id=6300, stack(0x0000000017050000,0x0000000017150000)]
  0x0000000016ba5800 JavaThread "C2 CompilerThread1" daemon [_thread_in_native, id=5712, stack(0x0000000016f50000,0x0000000017050000)]
=>0x000000001555b000 JavaThread "C2 CompilerThread0" daemon [_thread_in_native, id=9316, stack(0x0000000016a50000,0x0000000016b50000)]
  0x000000001550f000 JavaThread "Attach Listener" daemon [_thread_blocked, id=9680, stack(0x0000000016950000,0x0000000016a50000)]
  0x000000001550e000 JavaThread "Signal Dispatcher" daemon [_thread_blocked, id=5432, stack(0x0000000016850000,0x0000000016950000)]
  0x0000000002e26000 JavaThread "Finalizer" daemon [_thread_blocked, id=6608, stack(0x0000000016750000,0x0000000016850000)]
  0x0000000002e1d000 JavaThread "Reference Handler" daemon [_thread_blocked, id=6936, stack(0x0000000016650000,0x0000000016750000)]
  0x0000000002d30800 JavaThread "main" [_thread_blocked, id=8584, stack(0x0000000002ba0000,0x0000000002ca0000)]

Other Threads:
  0x00000000154c8000 VMThread [stack: 0x0000000016550000,0x0000000016650000] [id=9052]
  0x0000000016bfe800 WatcherThread [stack: 0x0000000017250000,0x0000000017350000] [id=9984]

VM state:synchronizing (normal execution)

VM Mutex/Monitor currently owned by a thread:  ([mutex/lock_event])
[0x0000000002d2c6b0] Safepoint_lock - owner thread: 0x00000000154c8000
[0x0000000002d2c0b0] Threads_lock - owner thread: 0x00000000154c8000
[0x0000000002d2c9b0] Heap_lock - owner thread: 0x0000000016dd3000

Heap:
 PSYoungGen      total 71680K, used 71674K [0x00000000eab00000, 0x00000000f3700000, 0x0000000100000000)
  eden space 66560K, 100% used [0x00000000eab00000,0x00000000eec00000,0x00000000eec00000)
  from space 5120K, 99% used [0x00000000eec00000,0x00000000ef0feab0,0x00000000ef100000)
  to   space 5120K, 0% used [0x00000000f3200000,0x00000000f3200000,0x00000000f3700000)
 ParOldGen       total 87552K, used 19826K [0x00000000c0000000, 0x00000000c5580000, 0x00000000eab00000)
  object space 87552K, 22% used [0x00000000c0000000,0x00000000c135c850,0x00000000c5580000)
 Metaspace       used 6331K, capacity 7128K, committed 7424K, reserved 1056768K
  class space    used 620K, capacity 656K, committed 768K, reserved 1048576K

Card table byte_map: [0x00000000121f0000,0x0000000012400000] byte_map_base: 0x0000000011bf0000

Marking Bits: (ParMarkBitMap*) 0x000000006872a5b0
 Begin Bits: [0x0000000012960000, 0x0000000013960000)
 End Bits:   [0x0000000013960000, 0x0000000014960000)

Polling page: 0x0000000000f50000

CodeCache: size=245760Kb used=8034Kb max_used=8034Kb free=237725Kb
 bounds [0x0000000002e30000, 0x0000000003610000, 0x0000000011e30000]
 total_blobs=2034 nmethods=1763 adapters=184
 compilation: enabled

Compilation events (10 events):
Event: 14.468 Thread 0x0000000016bab800 1927       1       com.android.dx.rop.annotation.NameValuePair::getValue (5 bytes)
Event: 14.468 Thread 0x0000000016bab800 nmethod 1927 0x00000000035df650 code [0x00000000035df7a0, 0x00000000035df8b0]
Event: 14.472 Thread 0x0000000016bab800 1928   !   2       com.android.dx.rop.code.RegisterSpecSet::remove (30 bytes)
Event: 14.472 Thread 0x0000000016bab800 nmethod 1928 0x00000000035e0f10 code [0x00000000035e1080, 0x00000000035e12e8]
Event: 14.473 Thread 0x0000000016bab800 1929       2       com.android.dx.dex.file.ValueEncoder::addContents (75 bytes)
Event: 14.474 Thread 0x0000000016bab800 nmethod 1929 0x000000000360d890 code [0x000000000360da40, 0x000000000360dde8]
Event: 14.514 Thread 0x0000000016bab800 1933       2       java.util.concurrent.locks.AbstractQueuedSynchronizer::acquire (27 bytes)
Event: 14.514 Thread 0x0000000016bab800 nmethod 1933 0x00000000035728d0 code [0x0000000003572a60, 0x0000000003572c78]
Event: 14.521 Thread 0x0000000016bab800 1934       2       com.android.dx.rop.code.RegisterSpecList::withoutLast (60 bytes)
Event: 14.521 Thread 0x0000000016bab800 nmethod 1934 0x000000000360ea10 code [0x000000000360ebe0, 0x000000000360f1a8]

GC Heap History (6 events):
Event: 2.284 GC heap before
{Heap before GC invocations=1 (full 0):
 PSYoungGen      total 38400K, used 33280K [0x00000000eab00000, 0x00000000ed580000, 0x0000000100000000)
  eden space 33280K, 100% used [0x00000000eab00000,0x00000000ecb80000,0x00000000ecb80000)
  from space 5120K, 0% used [0x00000000ed080000,0x00000000ed080000,0x00000000ed580000)
  to   space 5120K, 0% used [0x00000000ecb80000,0x00000000ecb80000,0x00000000ed080000)
 ParOldGen       total 87552K, used 0K [0x00000000c0000000, 0x00000000c5580000, 0x00000000eab00000)
  object space 87552K, 0% used [0x00000000c0000000,0x00000000c0000000,0x00000000c5580000)
 Metaspace       used 6006K, capacity 6898K, committed 7040K, reserved 1056768K
  class space    used 597K, capacity 618K, committed 640K, reserved 1048576K
Event: 2.574 GC heap after
Heap after GC invocations=1 (full 0):
 PSYoungGen      total 38400K, used 5089K [0x00000000eab00000, 0x00000000ef600000, 0x0000000100000000)
  eden space 33280K, 0% used [0x00000000eab00000,0x00000000eab00000,0x00000000ecb80000)
  from space 5120K, 99% used [0x00000000ecb80000,0x00000000ed0784d8,0x00000000ed080000)
  to   space 5120K, 0% used [0x00000000ef100000,0x00000000ef100000,0x00000000ef600000)
 ParOldGen       total 87552K, used 1546K [0x00000000c0000000, 0x00000000c5580000, 0x00000000eab00000)
  object space 87552K, 1% used [0x00000000c0000000,0x00000000c0182b28,0x00000000c5580000)
 Metaspace       used 6006K, capacity 6898K, committed 7040K, reserved 1056768K
  class space    used 597K, capacity 618K, committed 640K, reserved 1048576K
}
Event: 5.396 GC heap before
{Heap before GC invocations=2 (full 0):
 PSYoungGen      total 38400K, used 38369K [0x00000000eab00000, 0x00000000ef600000, 0x0000000100000000)
  eden space 33280K, 100% used [0x00000000eab00000,0x00000000ecb80000,0x00000000ecb80000)
  from space 5120K, 99% used [0x00000000ecb80000,0x00000000ed0784d8,0x00000000ed080000)
  to   space 5120K, 0% used [0x00000000ef100000,0x00000000ef100000,0x00000000ef600000)
 ParOldGen       total 87552K, used 1546K [0x00000000c0000000, 0x00000000c5580000, 0x00000000eab00000)
  object space 87552K, 1% used [0x00000000c0000000,0x00000000c0182b28,0x00000000c5580000)
 Metaspace       used 6178K, capacity 7028K, committed 7296K, reserved 1056768K
  class space    used 599K, capacity 620K, committed 640K, reserved 1048576K
Event: 5.854 GC heap after
Heap after GC invocations=2 (full 0):
 PSYoungGen      total 71680K, used 5101K [0x00000000eab00000, 0x00000000ef600000, 0x0000000100000000)
  eden space 66560K, 0% used [0x00000000eab00000,0x00000000eab00000,0x00000000eec00000)
  from space 5120K, 99% used [0x00000000ef100000,0x00000000ef5fb730,0x00000000ef600000)
  to   space 5120K, 0% used [0x00000000eec00000,0x00000000eec00000,0x00000000ef100000)
 ParOldGen       total 87552K, used 8465K [0x00000000c0000000, 0x00000000c5580000, 0x00000000eab00000)
  object space 87552K, 9% used [0x00000000c0000000,0x00000000c0844438,0x00000000c5580000)
 Metaspace       used 6178K, capacity 7028K, committed 7296K, reserved 1056768K
  class space    used 599K, capacity 620K, committed 640K, reserved 1048576K
}
Event: 10.263 GC heap before
{Heap before GC invocations=3 (full 0):
 PSYoungGen      total 71680K, used 71661K [0x00000000eab00000, 0x00000000ef600000, 0x0000000100000000)
  eden space 66560K, 100% used [0x00000000eab00000,0x00000000eec00000,0x00000000eec00000)
  from space 5120K, 99% used [0x00000000ef100000,0x00000000ef5fb730,0x00000000ef600000)
  to   space 5120K, 0% used [0x00000000eec00000,0x00000000eec00000,0x00000000ef100000)
 ParOldGen       total 87552K, used 8465K [0x00000000c0000000, 0x00000000c5580000, 0x00000000eab00000)
  object space 87552K, 9% used [0x00000000c0000000,0x00000000c0844438,0x00000000c5580000)
 Metaspace       used 6299K, capacity 7064K, committed 7424K, reserved 1056768K
  class space    used 619K, capacity 656K, committed 768K, reserved 1048576K
Event: 11.110 GC heap after
Heap after GC invocations=3 (full 0):
 PSYoungGen      total 71680K, used 5114K [0x00000000eab00000, 0x00000000f3700000, 0x0000000100000000)
  eden space 66560K, 0% used [0x00000000eab00000,0x00000000eab00000,0x00000000eec00000)
  from space 5120K, 99% used [0x00000000eec00000,0x00000000ef0feab0,0x00000000ef100000)
  to   space 5120K, 0% used [0x00000000f3200000,0x00000000f3200000,0x00000000f3700000)
 ParOldGen       total 87552K, used 19826K [0x00000000c0000000, 0x00000000c5580000, 0x00000000eab00000)
  object space 87552K, 22% used [0x00000000c0000000,0x00000000c135c850,0x00000000c5580000)
 Metaspace       used 6299K, capacity 7064K, committed 7424K, reserved 1056768K
  class space    used 619K, capacity 656K, committed 768K, reserved 1048576K
}

Deoptimization events (10 events):
Event: 7.075 Thread 0x0000000016dcd000 Uncommon trap: reason=bimorphic action=maybe_recompile pc=0x0000000003495230 method=com.android.dx.cf.code.BytecodeArray.parseInstruction(ILcom/android/dx/cf/code/BytecodeArray$Visitor;)I @ 2484
Event: 7.075 Thread 0x0000000016dcd000 Uncommon trap: reason=bimorphic action=maybe_recompile pc=0x00000000034933f0 method=com.android.dx.cf.code.BytecodeArray.parseInstruction(ILcom/android/dx/cf/code/BytecodeArray$Visitor;)I @ 1357
Event: 7.075 Thread 0x0000000016dcd000 Uncommon trap: reason=bimorphic action=maybe_recompile pc=0x0000000003495230 method=com.android.dx.cf.code.BytecodeArray.parseInstruction(ILcom/android/dx/cf/code/BytecodeArray$Visitor;)I @ 2484
Event: 8.866 Thread 0x0000000016dd3000 Uncommon trap: reason=unstable_if action=reinterpret pc=0x00000000033dce64 method=com.android.dx.ssa.SCCP.simulateStmt(Lcom/android/dx/ssa/SsaInsn;)V @ 53
Event: 12.108 Thread 0x0000000016dcd000 Uncommon trap: reason=bimorphic action=maybe_recompile pc=0x0000000003527fbc method=com.android.dx.rop.code.RegisterSpec.withSimpleType()Lcom/android/dx/rop/code/RegisterSpec; @ 21
Event: 12.110 Thread 0x0000000016dcd000 Uncommon trap: reason=bimorphic action=maybe_recompile pc=0x0000000003527fbc method=com.android.dx.rop.code.RegisterSpec.withSimpleType()Lcom/android/dx/rop/code/RegisterSpec; @ 21
Event: 12.376 Thread 0x0000000016dcd000 Uncommon trap: reason=unstable_if action=reinterpret pc=0x000000000350763c method=java.util.HashMap.putVal(ILjava/lang/Object;Ljava/lang/Object;ZZ)Ljava/lang/Object; @ 109
Event: 12.524 Thread 0x0000000002d30800 Uncommon trap: reason=unstable_if action=reinterpret pc=0x000000000351f49c method=com.android.dx.ssa.LiteralOpUpgrader$1.visitNonMoveInsn(Lcom/android/dx/ssa/NormalSsaInsn;)V @ 55
Event: 14.430 Thread 0x0000000016dd2800 Uncommon trap: reason=bimorphic action=maybe_recompile pc=0x0000000003527fbc method=com.android.dx.rop.code.RegisterSpec.withSimpleType()Lcom/android/dx/rop/code/RegisterSpec; @ 21
Event: 14.431 Thread 0x0000000016dd2800 Uncommon trap: reason=bimorphic action=maybe_recompile pc=0x0000000003527fbc method=com.android.dx.rop.code.RegisterSpec.withSimpleType()Lcom/android/dx/rop/code/RegisterSpec; @ 21

Internal exceptions (6 events):
Event: 0.105 Thread 0x0000000002d30800 Exception <a 'java/lang/NoSuchMethodError': Method sun.misc.Unsafe.defineClass(Ljava/lang/String;[BII)Ljava/lang/Class; name or signature does not match> (0x00000000eab13048) thrown at [C:\re\workspace\8-2-build-windows-amd64-cygwin\jdk8u60\4407\hotspot\srWÀÍpŸ∫?
Event: 0.105 Thread 0x0000000002d30800 Exception <a 'java/lang/NoSuchMethodError': Method sun.misc.Unsafe.prefetchRead(Ljava/lang/Object;J)V name or signature does not match> (0x00000000eab13330) thrown at [C:\re\workspace\8-2-build-windows-amd64-cygwin\jdk8u60\4407\hotspot\src\share\vm\prims\jg#Íg	A@
Event: 2.657 Thread 0x0000000016dc7800 Implicit null exception at 0x00000000031763a2 to 0x000000000317649a
Event: 5.933 Thread 0x0000000002d30800 Exception <a 'java/lang/ArrayIndexOutOfBoundsException': 18> (0x00000000eb810510) thrown at [C:\re\workspace\8-2-build-windows-amd64-cygwin\jdk8u60\4407\hotspot\src\share\vm\interpreter\interpreterRuntime.cpp, line 366]
Event: 5.935 Thread 0x0000000002d30800 Exception <a 'java/lang/ArrayIndexOutOfBoundsException'> (0x00000000eb812090) thrown at [C:\re\workspace\8-2-build-windows-amd64-cygwin\jdk8u60\4407\hotspot\src\share\vm\runtime\sharedRuntime.cpp, line 605]
Event: 5.936 Thread 0x0000000002d30800 Exception <a 'java/lang/ArrayIndexOutOfBoundsException'> (0x00000000eb813378) thrown at [C:\re\workspace\8-2-build-windows-amd64-cygwin\jdk8u60\4407\hotspot\src\share\vm\runtime\sharedRuntime.cpp, line 605]

Events (10 events):
Event: 14.430 Thread 0x0000000016dd2800 DEOPT PACKING pc=0x0000000003527fbc sp=0x000000001774e810
Event: 14.430 Thread 0x0000000016dd2800 DEOPT UNPACKING pc=0x0000000002e7582a sp=0x000000001774e7a8 mode 2
Event: 14.431 Thread 0x0000000016dd2800 Uncommon trap: trap_request=0xffffffc6 fr.pc=0x0000000003527fbc
Event: 14.431 Thread 0x0000000016dd2800 DEOPT PACKING pc=0x0000000003527fbc sp=0x000000001774e810
Event: 14.431 Thread 0x0000000016dd2800 DEOPT UNPACKING pc=0x0000000002e7582a sp=0x000000001774e7a8 mode 2
Event: 14.437 Thread 0x0000000016dc7800 DEOPT PACKING pc=0x000000000321e2b0 sp=0x000000001744ec50
Event: 14.437 Thread 0x0000000016dc7800 DEOPT UNPACKING pc=0x0000000002e7787f sp=0x000000001744ea80 mode 0
Event: 14.528 Thread 0x0000000016dd3000 DEOPT PACKING pc=0x000000000321601d sp=0x000000001784ead0
Event: 14.528 Thread 0x0000000016dd3000 DEOPT UNPACKING pc=0x0000000002e7787f sp=0x000000001784e7f0 mode 0
Event: 14.539 Executing VM operation: ParallelGCFailedAllocation


Dynamic libraries:
0x00007ff68cd40000 - 0x00007ff68cd77000 	C:\Program Files\Java\jdk1.8.0_60\bin\java.exe
0x00007ff98d740000 - 0x00007ff98d8ed000 	C:\windows\SYSTEM32\ntdll.dll
0x00007ff98be50000 - 0x00007ff98bf8e000 	C:\windows\system32\KERNEL32.DLL
0x00007ff98a960000 - 0x00007ff98aa75000 	C:\windows\system32\KERNELBASE.dll
0x00007ff989430000 - 0x00007ff9894be000 	C:\windows\system32\apphelp.dll
0x00007ff97ccf0000 - 0x00007ff97cd43000 	C:\windows\AppPatch\AppPatch64\AcGenral.DLL
0x00007ff98bf90000 - 0x00007ff98c03a000 	C:\windows\system32\msvcrt.dll
0x00007ff98a6c0000 - 0x00007ff98a6ee000 	C:\windows\SYSTEM32\SspiCli.dll
0x00007ff98d6c0000 - 0x00007ff98d714000 	C:\windows\system32\SHLWAPI.dll
0x00007ff98b700000 - 0x00007ff98b877000 	C:\windows\system32\USER32.dll
0x00007ff98b4f0000 - 0x00007ff98b684000 	C:\windows\system32\ole32.dll
0x00007ff98c190000 - 0x00007ff98d6ba000 	C:\windows\system32\SHELL32.dll
0x00007ff989e30000 - 0x00007ff989e51000 	C:\windows\SYSTEM32\USERENV.dll
0x00007ff98bab0000 - 0x00007ff98bb5a000 	C:\windows\system32\ADVAPI32.dll
0x00007ff97adc0000 - 0x00007ff97adde000 	C:\windows\SYSTEM32\MPR.dll
0x00007ff98c040000 - 0x00007ff98c181000 	C:\windows\system32\RPCRT4.dll
0x00007ff98bb60000 - 0x00007ff98bbb9000 	C:\windows\SYSTEM32\sechost.dll
0x00007ff98bbc0000 - 0x00007ff98bdd1000 	C:\windows\SYSTEM32\combase.dll
0x00007ff98b1b0000 - 0x00007ff98b300000 	C:\windows\system32\GDI32.dll
0x00007ff98a890000 - 0x00007ff98a8a5000 	C:\windows\SYSTEM32\profapi.dll
0x00007ff9890c0000 - 0x00007ff989172000 	C:\windows\SYSTEM32\SHCORE.dll
0x00007ff98ba60000 - 0x00007ff98ba96000 	C:\windows\system32\IMM32.DLL
0x00007ff98b050000 - 0x00007ff98b1a2000 	C:\windows\system32\MSCTF.dll
0x00007ff988c40000 - 0x00007ff988ebb000 	C:\windows\WinSxS\amd64_microsoft.windows.common-controls_6595b64144ccf1df_6.0.9600.18006_none_623f33d3ecbe86e8\COMCTL32.dll
0x00000000679c0000 - 0x0000000067a92000 	C:\Program Files\Java\jdk1.8.0_60\jre\bin\msvcr100.dll
0x0000000067f20000 - 0x00000000687a9000 	C:\Program Files\Java\jdk1.8.0_60\jre\bin\server\jvm.dll
0x00007ff986570000 - 0x00007ff986579000 	C:\windows\SYSTEM32\WSOCK32.dll
0x00007ff984060000 - 0x00007ff984082000 	C:\windows\SYSTEM32\WINMM.dll
0x00007ff986580000 - 0x00007ff98658a000 	C:\windows\SYSTEM32\VERSION.dll
0x00007ff98b690000 - 0x00007ff98b697000 	C:\windows\system32\PSAPI.DLL
0x00007ff98bde0000 - 0x00007ff98be3a000 	C:\windows\system32\WS2_32.dll
0x00007ff984030000 - 0x00007ff98405a000 	C:\windows\SYSTEM32\WINMMBASE.dll
0x00007ff98be40000 - 0x00007ff98be49000 	C:\windows\system32\NSI.dll
0x00007ff98aa80000 - 0x00007ff98aacf000 	C:\windows\SYSTEM32\cfgmgr32.dll
0x00007ff989680000 - 0x00007ff9896a8000 	C:\windows\SYSTEM32\DEVOBJ.dll
0x0000000067e30000 - 0x0000000067e3f000 	C:\Program Files\Java\jdk1.8.0_60\jre\bin\verify.dll
0x0000000067e00000 - 0x0000000067e29000 	C:\Program Files\Java\jdk1.8.0_60\jre\bin\java.dll
0x0000000067de0000 - 0x0000000067df6000 	C:\Program Files\Java\jdk1.8.0_60\jre\bin\zip.dll

VM Arguments:
jvm_args: -Djava.awt.headless=true -Xmx1024M -Dfile.encoding=GBK -Duser.country=CN -Duser.language=zh -Duser.variant 
java_command: com.android.dx.command.Main --dex --num-threads=4 --output D:\phonegap\HelloWorld\platforms\android\build\intermediates\pre-dexed\debug\commons-lang-2.6_7404f14ca9db46fff83863fdb7dcb9d83699b398.jar D:\phonegap\HelloWorld\platforms\android\libs\commons-lang-2.6.jar
java_class_path (initial): D:\tools\android\studio\sdk\build-tools\23.0.2\lib\dx.jar
Launcher Type: SUN_STANDARD

Environment Variables:
CLASSPATH=.
PATH=C:\ProgramData\Oracle\Java\javapath;C:\Program Files (x86)\Intel\iCLS Client\;C:\Program Files\Intel\iCLS Client\;C:\windows\system32;C:\windows;C:\windows\System32\Wbem;C:\windows\System32\WindowsPowerShell\v1.0\;C:\Program Files\Intel\Intel(R) Management Engine Components\DAL;C:\Program Files (x86)\Intel\Intel(R) Management Engine Components\DAL;C:\Program Files\Intel\Intel(R) Management Engine Components\IPT;C:\Program Files (x86)\Intel\Intel(R) Management Engine Components\IPT;C:\Program Files (x86)\ATI Technologies\ATI.ACE\Core-Static;C:\ProgramData\Lenovo\ReadyApps;C:\Program Files\Java\jdk1.8.0_60\bin;C:\Program Files\Java\jre1.8.0_60\bin;D:\tools\android\eclipse\adt-bundle-windows-x86_64-20140321\platform-tools;C:\Program Files\nodejs\;C:\Program Files\nodejs\node_globa
USERNAME=Œ¿±Î
OS=Windows_NT
PROCESSOR_IDENTIFIER=Intel64 Family 6 Model 69 Stepping 1, GenuineIntel



---------------  S Y S T E M  ---------------

OS: Windows 8.1 , 64 bit Build 9600 (6.3.9600.17415)

CPU:total 4 (2 cores per cpu, 2 threads per core) family 6 model 69 stepping 1, cmov, cx8, fxsr, mmx, sse, sse2, sse3, ssse3, sse4.1, sse4.2, popcnt, avx, avx2, aes, clmul, erms, lzcnt, ht, tsc, tscinvbit, bmi1, bmi2

Memory: 4k page, physical 8310040k(2184832k free), swap 8310040k(5264k free)

vm_info: Java HotSpot(TM) 64-Bit Server VM (25.60-b23) for windows-amd64 JRE (1.8.0_60-b27), built on Aug  4 2015 11:06:27 by "java_re" with MS VC++ 10.0 (VS2010)

time: Wed Apr 20 17:53:22 2016
elapsed time: 14 seconds (0d 0h 0m 14s)

