#
# There is insufficient memory for the Java Runtime Environment to continue.
# Native memory allocation (malloc) failed to allocate 32744 bytes for ChunkPool::allocate
# Possible reasons:
#   The system is out of physical RAM or swap space
#   In 32 bit mode, the process size limit was hit
# Possible solutions:
#   Reduce memory load on the system
#   Increase physical memory or swap space
#   Check if swap backing store is full
#   Use 64 bit Java on a 64 bit OS
#   Decrease Java heap size (-Xmx/-Xms)
#   Decrease number of Java threads
#   Decrease Java thread stack sizes (-Xss)
#   Set larger code cache with -XX:ReservedCodeCacheSize=
# This output file may be truncated or incomplete.
#
#  Out of Memory Error (allocation.cpp:273), pid=6564, tid=7040
#
# JRE version: Java(TM) SE Runtime Environment (8.0_60-b27) (build 1.8.0_60-b27)
# Java VM: Java HotSpot(TM) 64-Bit Server VM (25.60-b23 mixed mode windows-amd64 compressed oops)
# Failed to write core dump. Minidumps are not enabled by default on client versions of Windows
#

---------------  T H R E A D  ---------------

Current thread (0x0000000014949000):  JavaThread "C2 CompilerThread0" daemon [_thread_in_native, id=7040, stack(0x0000000015e50000,0x0000000015f50000)]

Stack: [0x0000000015e50000,0x0000000015f50000]
[error occurred during error reporting (printing stack bounds), id 0xc0000005]

Native frames: (J=compiled Java code, j=interpreted, Vv=VM code, C=native code)


Current CompileTask:
C2:  15850 2189   !   4       com.android.dx.cf.code.Ropper::processBlock (1101 bytes)


---------------  P R O C E S S  ---------------

Java Threads: ( => current thread )
  0x0000000016296000 JavaThread "pool-1-thread-4" [_thread_in_Java, id=9584, stack(0x0000000017350000,0x0000000017450000)]
  0x0000000016293000 JavaThread "pool-1-thread-3" [_thread_in_Java, id=1504, stack(0x0000000017250000,0x0000000017350000)]
  0x00000000161bb800 JavaThread "pool-1-thread-2" [_thread_in_Java, id=7584, stack(0x0000000017150000,0x0000000017250000)]
  0x00000000161ba800 JavaThread "pool-2-thread-1" [_thread_blocked, id=3492, stack(0x0000000017050000,0x0000000017150000)]
  0x00000000161ba000 JavaThread "pool-1-thread-1" [_thread_in_Java, id=7416, stack(0x0000000016f50000,0x0000000017050000)]
  0x0000000015fb2800 JavaThread "Service Thread" daemon [_thread_blocked, id=1008, stack(0x0000000016550000,0x0000000016650000)]
  0x0000000015fa9800 JavaThread "C1 CompilerThread2" daemon [_thread_in_native, id=10296, stack(0x0000000016450000,0x0000000016550000)]
  0x0000000015fa3800 JavaThread "C2 CompilerThread1" daemon [_thread_in_native, id=8780, stack(0x0000000016350000,0x0000000016450000)]
=>0x0000000014949000 JavaThread "C2 CompilerThread0" daemon [_thread_in_native, id=7040, stack(0x0000000015e50000,0x0000000015f50000)]
  0x00000000148fe000 JavaThread "Attach Listener" daemon [_thread_blocked, id=5896, stack(0x0000000015d50000,0x0000000015e50000)]
  0x00000000148fd000 JavaThread "Signal Dispatcher" daemon [_thread_blocked, id=464, stack(0x0000000015c50000,0x0000000015d50000)]
  0x00000000148b9000 JavaThread "Finalizer" daemon [_thread_blocked, id=8960, stack(0x0000000015b50000,0x0000000015c50000)]
  0x000000000220e800 JavaThread "Reference Handler" daemon [_thread_blocked, id=10260, stack(0x0000000015a50000,0x0000000015b50000)]
  0x0000000002120800 JavaThread "main" [_thread_in_Java, id=9888, stack(0x0000000002020000,0x0000000002120000)]

Other Threads:
  0x00000000148b7000 VMThread [stack: 0x0000000015950000,0x0000000015a50000] [id=10652]
  0x0000000016018000 WatcherThread [stack: 0x0000000016650000,0x0000000016750000] [id=9100]

VM state:not at safepoint (normal execution)

VM Mutex/Monitor currently owned by a thread: None

Heap:
 PSYoungGen      total 138240K, used 103527K [0x00000000eab00000, 0x00000000f3700000, 0x0000000100000000)
  eden space 133120K, 73% used [0x00000000eab00000,0x00000000f0b20fb0,0x00000000f2d00000)
  from space 5120K, 99% used [0x00000000f3200000,0x00000000f36f8dc8,0x00000000f3700000)
  to   space 5120K, 0% used [0x00000000f2d00000,0x00000000f2d00000,0x00000000f3200000)
 ParOldGen       total 87552K, used 24675K [0x00000000c0000000, 0x00000000c5580000, 0x00000000eab00000)
  object space 87552K, 28% used [0x00000000c0000000,0x00000000c1818f50,0x00000000c5580000)
 Metaspace       used 6415K, capacity 7128K, committed 7424K, reserved 1056768K
  class space    used 622K, capacity 656K, committed 768K, reserved 1048576K

Card table byte_map: [0x00000000115e0000,0x00000000117f0000] byte_map_base: 0x0000000010fe0000

Marking Bits: (ParMarkBitMap*) 0x000000006872a5b0
 Begin Bits: [0x0000000011d50000, 0x0000000012d50000)
 End Bits:   [0x0000000012d50000, 0x0000000013d50000)

Polling page: 0x0000000001c10000

CodeCache: size=245760Kb used=9574Kb max_used=9583Kb free=236185Kb
 bounds [0x0000000002220000, 0x0000000002b90000, 0x0000000011220000]
 total_blobs=2306 nmethods=2034 adapters=184
 compilation: enabled

Compilation events (10 events):
Event: 15.122 Thread 0x0000000015fa3800 2190       4       com.android.dx.ssa.SsaMethod::makeNewGotoBlock (52 bytes)
Event: 15.154 Thread 0x0000000015fa3800 nmethod 2190 0x0000000002b7a2d0 code [0x0000000002b7a4c0, 0x0000000002b7b3f8]
Event: 15.155 Thread 0x0000000015fa3800 2191       4       com.android.dx.cf.code.Ropper::addExceptionSetupBlocks (203 bytes)
Event: 15.229 Thread 0x0000000015fa3800 nmethod 2191 0x0000000002b85190 code [0x0000000002b85420, 0x0000000002b86bb0]
Event: 15.233 Thread 0x0000000015fa9800 2192       3       com.android.dx.dex.code.RopTranslator$LocalVariableAwareTranslationVisitor::visitPlainInsn (11 bytes)
Event: 15.234 Thread 0x0000000015fa9800 nmethod 2192 0x0000000002b30d10 code [0x0000000002b30f20, 0x0000000002b31a78]
Event: 15.239 Thread 0x0000000015fa3800 2193   !   4       com.android.dx.cf.code.BytecodeArray::parseInstruction (2764 bytes)
Event: 15.263 Thread 0x0000000015fa9800 2196       3       java.util.concurrent.locks.LockSupport::park (23 bytes)
Event: 15.263 Thread 0x0000000015fa9800 nmethod 2196 0x0000000002b2e6d0 code [0x0000000002b2e840, 0x0000000002b2eb88]
Event: 15.828 Thread 0x0000000015fa9800 2198   !   3       com.android.dx.cf.code.RopperMachine::run (1550 bytes)

GC Heap History (8 events):
Event: 2.300 GC heap before
{Heap before GC invocations=1 (full 0):
 PSYoungGen      total 38400K, used 33280K [0x00000000eab00000, 0x00000000ed580000, 0x0000000100000000)
  eden space 33280K, 100% used [0x00000000eab00000,0x00000000ecb80000,0x00000000ecb80000)
  from space 5120K, 0% used [0x00000000ed080000,0x00000000ed080000,0x00000000ed580000)
  to   space 5120K, 0% used [0x00000000ecb80000,0x00000000ecb80000,0x00000000ed080000)
 ParOldGen       total 87552K, used 0K [0x00000000c0000000, 0x00000000c5580000, 0x00000000eab00000)
  object space 87552K, 0% used [0x00000000c0000000,0x00000000c0000000,0x00000000c5580000)
 Metaspace       used 5984K, capacity 6836K, committed 7040K, reserved 1056768K
  class space    used 600K, capacity 620K, committed 640K, reserved 1048576K
Event: 2.672 GC heap after
Heap after GC invocations=1 (full 0):
 PSYoungGen      total 38400K, used 5117K [0x00000000eab00000, 0x00000000ef600000, 0x0000000100000000)
  eden space 33280K, 0% used [0x00000000eab00000,0x00000000eab00000,0x00000000ecb80000)
  from space 5120K, 99% used [0x00000000ecb80000,0x00000000ed07f4f8,0x00000000ed080000)
  to   space 5120K, 0% used [0x00000000ef100000,0x00000000ef100000,0x00000000ef600000)
 ParOldGen       total 87552K, used 1428K [0x00000000c0000000, 0x00000000c5580000, 0x00000000eab00000)
  object space 87552K, 1% used [0x00000000c0000000,0x00000000c0165018,0x00000000c5580000)
 Metaspace       used 5984K, capacity 6836K, committed 7040K, reserved 1056768K
  class space    used 600K, capacity 620K, committed 640K, reserved 1048576K
}
Event: 3.855 GC heap before
{Heap before GC invocations=2 (full 0):
 PSYoungGen      total 38400K, used 38397K [0x00000000eab00000, 0x00000000ef600000, 0x0000000100000000)
  eden space 33280K, 100% used [0x00000000eab00000,0x00000000ecb80000,0x00000000ecb80000)
  from space 5120K, 99% used [0x00000000ecb80000,0x00000000ed07f4f8,0x00000000ed080000)
  to   space 5120K, 0% used [0x00000000ef100000,0x00000000ef100000,0x00000000ef600000)
 ParOldGen       total 87552K, used 1428K [0x00000000c0000000, 0x00000000c5580000, 0x00000000eab00000)
  object space 87552K, 1% used [0x00000000c0000000,0x00000000c0165018,0x00000000c5580000)
 Metaspace       used 6118K, capacity 6964K, committed 7040K, reserved 1056768K
  class space    used 600K, capacity 620K, committed 640K, reserved 1048576K
Event: 4.258 GC heap after
Heap after GC invocations=2 (full 0):
 PSYoungGen      total 71680K, used 5110K [0x00000000eab00000, 0x00000000ef600000, 0x0000000100000000)
  eden space 66560K, 0% used [0x00000000eab00000,0x00000000eab00000,0x00000000eec00000)
  from space 5120K, 99% used [0x00000000ef100000,0x00000000ef5fd8a8,0x00000000ef600000)
  to   space 5120K, 0% used [0x00000000eec00000,0x00000000eec00000,0x00000000ef100000)
 ParOldGen       total 87552K, used 4347K [0x00000000c0000000, 0x00000000c5580000, 0x00000000eab00000)
  object space 87552K, 4% used [0x00000000c0000000,0x00000000c043ecd0,0x00000000c5580000)
 Metaspace       used 6118K, capacity 6964K, committed 7040K, reserved 1056768K
  class space    used 600K, capacity 620K, committed 640K, reserved 1048576K
}
Event: 8.280 GC heap before
{Heap before GC invocations=3 (full 0):
 PSYoungGen      total 71680K, used 71670K [0x00000000eab00000, 0x00000000ef600000, 0x0000000100000000)
  eden space 66560K, 100% used [0x00000000eab00000,0x00000000eec00000,0x00000000eec00000)
  from space 5120K, 99% used [0x00000000ef100000,0x00000000ef5fd8a8,0x00000000ef600000)
  to   space 5120K, 0% used [0x00000000eec00000,0x00000000eec00000,0x00000000ef100000)
 ParOldGen       total 87552K, used 4347K [0x00000000c0000000, 0x00000000c5580000, 0x00000000eab00000)
  object space 87552K, 4% used [0x00000000c0000000,0x00000000c043ecd0,0x00000000c5580000)
 Metaspace       used 6244K, capacity 7092K, committed 7296K, reserved 1056768K
  class space    used 601K, capacity 620K, committed 640K, reserved 1048576K
Event: 9.481 GC heap after
Heap after GC invocations=3 (full 0):
 PSYoungGen      total 71680K, used 5116K [0x00000000eab00000, 0x00000000f3700000, 0x0000000100000000)
  eden space 66560K, 0% used [0x00000000eab00000,0x00000000eab00000,0x00000000eec00000)
  from space 5120K, 99% used [0x00000000eec00000,0x00000000ef0ff000,0x00000000ef100000)
  to   space 5120K, 0% used [0x00000000f3200000,0x00000000f3200000,0x00000000f3700000)
 ParOldGen       total 87552K, used 14360K [0x00000000c0000000, 0x00000000c5580000, 0x00000000eab00000)
  object space 87552K, 16% used [0x00000000c0000000,0x00000000c0e06258,0x00000000c5580000)
 Metaspace       used 6244K, capacity 7092K, committed 7296K, reserved 1056768K
  class space    used 601K, capacity 620K, committed 640K, reserved 1048576K
}
Event: 11.564 GC heap before
{Heap before GC invocations=4 (full 0):
 PSYoungGen      total 71680K, used 71676K [0x00000000eab00000, 0x00000000f3700000, 0x0000000100000000)
  eden space 66560K, 100% used [0x00000000eab00000,0x00000000eec00000,0x00000000eec00000)
  from space 5120K, 99% used [0x00000000eec00000,0x00000000ef0ff000,0x00000000ef100000)
  to   space 5120K, 0% used [0x00000000f3200000,0x00000000f3200000,0x00000000f3700000)
 ParOldGen       total 87552K, used 14360K [0x00000000c0000000, 0x00000000c5580000, 0x00000000eab00000)
  object space 87552K, 16% used [0x00000000c0000000,0x00000000c0e06258,0x00000000c5580000)
 Metaspace       used 6274K, capacity 7092K, committed 7296K, reserved 1056768K
  class space    used 601K, capacity 620K, committed 640K, reserved 1048576K
Event: 11.890 GC heap after
Heap after GC invocations=4 (full 0):
 PSYoungGen      total 138240K, used 5091K [0x00000000eab00000, 0x00000000f3700000, 0x0000000100000000)
  eden space 133120K, 0% used [0x00000000eab00000,0x00000000eab00000,0x00000000f2d00000)
  from space 5120K, 99% used [0x00000000f3200000,0x00000000f36f8dc8,0x00000000f3700000)
  to   space 5120K, 0% used [0x00000000f2d00000,0x00000000f2d00000,0x00000000f3200000)
 ParOldGen       total 87552K, used 24675K [0x00000000c0000000, 0x00000000c5580000, 0x00000000eab00000)
  object space 87552K, 28% used [0x00000000c0000000,0x00000000c1818f50,0x00000000c5580000)
 Metaspace       used 6274K, capacity 7092K, committed 7296K, reserved 1056768K
  class space    used 601K, capacity 620K, committed 640K, reserved 1048576K
}

Deoptimization events (10 events):
Event: 14.274 Thread 0x0000000016293000 Uncommon trap: reason=class_check action=maybe_recompile pc=0x000000000276b8d8 method=java.util.HashMap.putVal(ILjava/lang/Object;Ljava/lang/Object;ZZ)Ljava/lang/Object; @ 203
Event: 14.274 Thread 0x0000000016293000 Uncommon trap: reason=bimorphic action=maybe_recompile pc=0x0000000002560864 method=java.util.HashMap.getNode(ILjava/lang/Object;)Ljava/util/HashMap$Node; @ 126
Event: 14.398 Thread 0x0000000016293000 Uncommon trap: reason=unstable_if action=reinterpret pc=0x0000000002a778f0 method=com.android.dx.ssa.Dominators.run()V @ 346
Event: 14.596 Thread 0x0000000016293000 Uncommon trap: reason=unstable_if action=reinterpret pc=0x000000000286ec70 method=com.android.dx.cf.code.Merger.mergeLocals(Lcom/android/dx/cf/code/OneLocalsArray;Lcom/android/dx/cf/code/OneLocalsArray;)Lcom/android/dx/cf/code/OneLocalsArray; @ 2
Event: 14.952 Thread 0x0000000016296000 Uncommon trap: reason=unstable_if action=reinterpret pc=0x000000000263e154 method=com.android.dx.cf.code.LineNumberList.pcToLine(I)I @ 43
Event: 14.952 Thread 0x0000000016296000 Uncommon trap: reason=class_check action=maybe_recompile pc=0x0000000002988bb4 method=com.android.dx.cf.code.Ropper.processBlock(Lcom/android/dx/cf/code/ByteBlock;Lcom/android/dx/cf/code/Frame;[I)V @ 777
Event: 15.051 Thread 0x0000000016296000 Uncommon trap: reason=unstable_if action=reinterpret pc=0x000000000289e5c8 method=java.util.HashMap.resize()[Ljava/util/HashMap$Node; @ 206
Event: 15.230 Thread 0x00000000161ba000 Uncommon trap: reason=bimorphic action=maybe_recompile pc=0x0000000002b208b4 method=com.android.dx.cf.code.BytecodeArray.parseInstruction(ILcom/android/dx/cf/code/BytecodeArray$Visitor;)I @ 1357
Event: 15.232 Thread 0x00000000161ba000 Uncommon trap: reason=bimorphic action=maybe_recompile pc=0x0000000002b208b4 method=com.android.dx.cf.code.BytecodeArray.parseInstruction(ILcom/android/dx/cf/code/BytecodeArray$Visitor;)I @ 1357
Event: 15.840 Thread 0x0000000016293000 Uncommon trap: reason=unstable_if action=reinterpret pc=0x0000000002a63cd4 method=com.android.dx.ssa.PhiTypeResolver.resolveResultType(Lcom/android/dx/ssa/PhiInsn;)Z @ 125

Internal exceptions (6 events):
Event: 0.050 Thread 0x0000000002120800 Exception <a 'java/lang/NoSuchMethodError': Method sun.misc.Unsafe.defineClass(Ljava/lang/String;[BII)Ljava/lang/Class; name or signature does not match> (0x00000000eab12d18) thrown at [C:\re\workspace\8-2-build-windows-amd64-cygwin\jdk8u60\4407\hotspot\srHÅ2òPÜ©?
Event: 0.050 Thread 0x0000000002120800 Exception <a 'java/lang/NoSuchMethodError': Method sun.misc.Unsafe.prefetchRead(Ljava/lang/Object;J)V name or signature does not match> (0x00000000eab13000) thrown at [C:\re\workspace\8-2-build-windows-amd64-cygwin\jdk8u60\4407\hotspot\src\share\vm\prims\jéqØMò¯?
Event: 1.537 Thread 0x00000000161ba000 Implicit null exception at 0x00000000025dbfe7 to 0x00000000025de2e1
Event: 13.372 Thread 0x00000000161bb800 Exception <a 'java/lang/ArrayIndexOutOfBoundsException': 18> (0x00000000eed31320) thrown at [C:\re\workspace\8-2-build-windows-amd64-cygwin\jdk8u60\4407\hotspot\src\share\vm\interpreter\interpreterRuntime.cpp, line 366]
Event: 13.373 Thread 0x00000000161bb800 Exception <a 'java/lang/ArrayIndexOutOfBoundsException'> (0x00000000eed32ea0) thrown at [C:\re\workspace\8-2-build-windows-amd64-cygwin\jdk8u60\4407\hotspot\src\share\vm\runtime\sharedRuntime.cpp, line 605]
Event: 13.374 Thread 0x00000000161bb800 Exception <a 'java/lang/ArrayIndexOutOfBoundsException'> (0x00000000eed34188) thrown at [C:\re\workspace\8-2-build-windows-amd64-cygwin\jdk8u60\4407\hotspot\src\share\vm\runtime\sharedRuntime.cpp, line 605]

Events (10 events):
Event: 15.229 Thread 0x00000000161ba000 DEOPT UNPACKING pc=0x000000000226787f sp=0x000000001704e5c8 mode 0
Event: 15.230 Thread 0x00000000161ba000 Uncommon trap: trap_request=0xffffffc6 fr.pc=0x0000000002b208b4
Event: 15.231 Thread 0x00000000161ba000 DEOPT PACKING pc=0x0000000002b208b4 sp=0x000000001704e530
Event: 15.231 Thread 0x00000000161ba000 DEOPT UNPACKING pc=0x000000000226582a sp=0x000000001704e4f0 mode 2
Event: 15.232 Thread 0x00000000161ba000 Uncommon trap: trap_request=0xffffffc6 fr.pc=0x0000000002b208b4
Event: 15.232 Thread 0x00000000161ba000 DEOPT PACKING pc=0x0000000002b208b4 sp=0x000000001704e560
Event: 15.232 Thread 0x00000000161ba000 DEOPT UNPACKING pc=0x000000000226582a sp=0x000000001704e520 mode 2
Event: 15.840 Thread 0x0000000016293000 Uncommon trap: trap_request=0xffffff65 fr.pc=0x0000000002a63cd4
Event: 15.840 Thread 0x0000000016293000 DEOPT PACKING pc=0x0000000002a63cd4 sp=0x000000001734e9f0
Event: 15.840 Thread 0x0000000016293000 DEOPT UNPACKING pc=0x000000000226582a sp=0x000000001734e930 mode 2


Dynamic libraries:
0x00007ff68cd40000 - 0x00007ff68cd77000 	C:\Program Files\Java\jdk1.8.0_60\bin\java.exe
0x00007ff98d740000 - 0x00007ff98d8ed000 	C:\windows\SYSTEM32\ntdll.dll
0x00007ff98be50000 - 0x00007ff98bf8e000 	C:\windows\system32\KERNEL32.DLL
0x00007ff98a960000 - 0x00007ff98aa75000 	C:\windows\system32\KERNELBASE.dll
0x00007ff989430000 - 0x00007ff9894be000 	C:\windows\system32\apphelp.dll
0x00007ff97ccf0000 - 0x00007ff97cd43000 	C:\windows\AppPatch\AppPatch64\AcGenral.DLL
0x00007ff98bf90000 - 0x00007ff98c03a000 	C:\windows\system32\msvcrt.dll
0x00007ff98a6c0000 - 0x00007ff98a6ee000 	C:\windows\SYSTEM32\SspiCli.dll
0x00007ff98d6c0000 - 0x00007ff98d714000 	C:\windows\system32\SHLWAPI.dll
0x00007ff98b700000 - 0x00007ff98b877000 	C:\windows\system32\USER32.dll
0x00007ff98b4f0000 - 0x00007ff98b684000 	C:\windows\system32\ole32.dll
0x00007ff98c190000 - 0x00007ff98d6ba000 	C:\windows\system32\SHELL32.dll
0x00007ff989e30000 - 0x00007ff989e51000 	C:\windows\SYSTEM32\USERENV.dll
0x00007ff98bab0000 - 0x00007ff98bb5a000 	C:\windows\system32\ADVAPI32.dll
0x00007ff97adc0000 - 0x00007ff97adde000 	C:\windows\SYSTEM32\MPR.dll
0x00007ff98c040000 - 0x00007ff98c181000 	C:\windows\system32\RPCRT4.dll
0x00007ff98bb60000 - 0x00007ff98bbb9000 	C:\windows\SYSTEM32\sechost.dll
0x00007ff98bbc0000 - 0x00007ff98bdd1000 	C:\windows\SYSTEM32\combase.dll
0x00007ff98b1b0000 - 0x00007ff98b300000 	C:\windows\system32\GDI32.dll
0x00007ff98a890000 - 0x00007ff98a8a5000 	C:\windows\SYSTEM32\profapi.dll
0x00007ff9890c0000 - 0x00007ff989172000 	C:\windows\SYSTEM32\SHCORE.dll
0x00007ff98ba60000 - 0x00007ff98ba96000 	C:\windows\system32\IMM32.DLL
0x00007ff98b050000 - 0x00007ff98b1a2000 	C:\windows\system32\MSCTF.dll
0x00007ff988c40000 - 0x00007ff988ebb000 	C:\windows\WinSxS\amd64_microsoft.windows.common-controls_6595b64144ccf1df_6.0.9600.18006_none_623f33d3ecbe86e8\COMCTL32.dll
0x00000000679c0000 - 0x0000000067a92000 	C:\Program Files\Java\jdk1.8.0_60\jre\bin\msvcr100.dll
0x0000000067f20000 - 0x00000000687a9000 	C:\Program Files\Java\jdk1.8.0_60\jre\bin\server\jvm.dll
0x00007ff986570000 - 0x00007ff986579000 	C:\windows\SYSTEM32\WSOCK32.dll
0x00007ff984060000 - 0x00007ff984082000 	C:\windows\SYSTEM32\WINMM.dll
0x00007ff986580000 - 0x00007ff98658a000 	C:\windows\SYSTEM32\VERSION.dll
0x00007ff98b690000 - 0x00007ff98b697000 	C:\windows\system32\PSAPI.DLL
0x00007ff98bde0000 - 0x00007ff98be3a000 	C:\windows\system32\WS2_32.dll
0x00007ff984030000 - 0x00007ff98405a000 	C:\windows\SYSTEM32\WINMMBASE.dll
0x00007ff98be40000 - 0x00007ff98be49000 	C:\windows\system32\NSI.dll
0x00007ff98aa80000 - 0x00007ff98aacf000 	C:\windows\SYSTEM32\cfgmgr32.dll
0x00007ff989680000 - 0x00007ff9896a8000 	C:\windows\SYSTEM32\DEVOBJ.dll
0x0000000067e30000 - 0x0000000067e3f000 	C:\Program Files\Java\jdk1.8.0_60\jre\bin\verify.dll
0x0000000067e00000 - 0x0000000067e29000 	C:\Program Files\Java\jdk1.8.0_60\jre\bin\java.dll
0x0000000067de0000 - 0x0000000067df6000 	C:\Program Files\Java\jdk1.8.0_60\jre\bin\zip.dll

VM Arguments:
jvm_args: -Djava.awt.headless=true -Xmx1024M -Dfile.encoding=GBK -Duser.country=CN -Duser.language=zh -Duser.variant 
java_command: com.android.dx.command.Main --dex --num-threads=4 --output D:\phonegap\HelloWorld\platforms\android\build\intermediates\pre-dexed\debug\weimi-sdk-android-1.0.0_ec827b8a928fe8a1ba806bac2b5a33f4f5ddb05d.jar D:\phonegap\HelloWorld\platforms\android\libs\weimi-sdk-android-1.0.0.jar
java_class_path (initial): D:\tools\android\studio\sdk\build-tools\23.0.2\lib\dx.jar
Launcher Type: SUN_STANDARD

Environment Variables:
CLASSPATH=.
PATH=C:\ProgramData\Oracle\Java\javapath;C:\Program Files (x86)\Intel\iCLS Client\;C:\Program Files\Intel\iCLS Client\;C:\windows\system32;C:\windows;C:\windows\System32\Wbem;C:\windows\System32\WindowsPowerShell\v1.0\;C:\Program Files\Intel\Intel(R) Management Engine Components\DAL;C:\Program Files (x86)\Intel\Intel(R) Management Engine Components\DAL;C:\Program Files\Intel\Intel(R) Management Engine Components\IPT;C:\Program Files (x86)\Intel\Intel(R) Management Engine Components\IPT;C:\Program Files (x86)\ATI Technologies\ATI.ACE\Core-Static;C:\ProgramData\Lenovo\ReadyApps;C:\Program Files\Java\jdk1.8.0_60\bin;C:\Program Files\Java\jre1.8.0_60\bin;D:\tools\android\eclipse\adt-bundle-windows-x86_64-20140321\platform-tools;C:\Program Files\nodejs\;C:\Program Files\nodejs\node_globa
USERNAME=Œ¿±Î
OS=Windows_NT
PROCESSOR_IDENTIFIER=Intel64 Family 6 Model 69 Stepping 1, GenuineIntel



---------------  S Y S T E M  ---------------

OS: Windows 8.1 , 64 bit Build 9600 (6.3.9600.17415)

CPU:total 4 (2 cores per cpu, 2 threads per core) family 6 model 69 stepping 1, cmov, cx8, fxsr, mmx, sse, sse2, sse3, ssse3, sse4.1, sse4.2, popcnt, avx, avx2, aes, clmul, erms, lzcnt, ht, tsc, tscinvbit, bmi1, bmi2

Memory: 4k page, physical 8310040k(2163916k free), swap 8310040k(5052k free)

vm_info: Java HotSpot(TM) 64-Bit Server VM (25.60-b23) for windows-amd64 JRE (1.8.0_60-b27), built on Aug  4 2015 11:06:27 by "java_re" with MS VC++ 10.0 (VS2010)

time: Wed Apr 20 17:51:55 2016
elapsed time: 15 seconds (0d 0h 0m 15s)

