#
# There is insufficient memory for the Java Runtime Environment to continue.
# Native memory allocation (malloc) failed to allocate 726800 bytes for Chunk::new
# Possible reasons:
#   The system is out of physical RAM or swap space
#   In 32 bit mode, the process size limit was hit
# Possible solutions:
#   Reduce memory load on the system
#   Increase physical memory or swap space
#   Check if swap backing store is full
#   Use 64 bit Java on a 64 bit OS
#   Decrease Java heap size (-Xmx/-Xms)
#   Decrease number of Java threads
#   Decrease Java thread stack sizes (-Xss)
#   Set larger code cache with -XX:ReservedCodeCacheSize=
# This output file may be truncated or incomplete.
#
#  Out of Memory Error (allocation.cpp:390), pid=11172, tid=4956
#
# JRE version: Java(TM) SE Runtime Environment (8.0_60-b27) (build 1.8.0_60-b27)
# Java VM: Java HotSpot(TM) 64-Bit Server VM (25.60-b23 mixed mode windows-amd64 compressed oops)
# Failed to write core dump. Minidumps are not enabled by default on client versions of Windows
#

---------------  T H R E A D  ---------------

Current thread (0x0000000014d5c000):  JavaThread "C2 CompilerThread1" daemon [_thread_in_native, id=4956, stack(0x00000000163a0000,0x00000000164a0000)]

Stack: [0x00000000163a0000,0x00000000164a0000]
[error occurred during error reporting (printing stack bounds), id 0xc0000005]

Native frames: (J=compiled Java code, j=interpreted, Vv=VM code, C=native code)


Current CompileTask:
C2:  14592 1756       4       com.android.dx.ssa.Dominators::run (506 bytes)


---------------  P R O C E S S  ---------------

Java Threads: ( => current thread )
  0x000000001678d000 JavaThread "pool-1-thread-4" [_thread_blocked, id=7936, stack(0x00000000177a0000,0x00000000178a0000)]
  0x000000001678c800 JavaThread "pool-1-thread-3" [_thread_blocked, id=10760, stack(0x00000000176a0000,0x00000000177a0000)]
  0x0000000016789000 JavaThread "pool-1-thread-2" [_thread_blocked, id=9936, stack(0x00000000175a0000,0x00000000176a0000)]
  0x00000000167a4000 JavaThread "pool-2-thread-1" [_thread_blocked, id=3340, stack(0x00000000174a0000,0x00000000175a0000)]
  0x00000000167be000 JavaThread "pool-1-thread-1" [_thread_blocked, id=10388, stack(0x00000000173a0000,0x00000000174a0000)]
  0x0000000016509800 JavaThread "Service Thread" daemon [_thread_blocked, id=9124, stack(0x00000000169a0000,0x0000000016aa0000)]
  0x0000000016501800 JavaThread "C1 CompilerThread2" daemon [_thread_blocked, id=9000, stack(0x00000000168a0000,0x00000000169a0000)]
=>0x0000000014d5c000 JavaThread "C2 CompilerThread1" daemon [_thread_in_native, id=4956, stack(0x00000000163a0000,0x00000000164a0000)]
  0x0000000014d59000 JavaThread "C2 CompilerThread0" daemon [_thread_in_native, id=8776, stack(0x00000000162a0000,0x00000000163a0000)]
  0x0000000014d0d800 JavaThread "Attach Listener" daemon [_thread_blocked, id=9648, stack(0x00000000161a0000,0x00000000162a0000)]
  0x0000000014d0c000 JavaThread "Signal Dispatcher" daemon [_thread_blocked, id=804, stack(0x00000000160a0000,0x00000000161a0000)]
  0x00000000025c0800 JavaThread "Finalizer" daemon [_thread_blocked, id=8400, stack(0x0000000015f50000,0x0000000016050000)]
  0x00000000025bd000 JavaThread "Reference Handler" daemon [_thread_blocked, id=8000, stack(0x0000000015e50000,0x0000000015f50000)]
  0x00000000024d0800 JavaThread "main" [_thread_blocked, id=7268, stack(0x00000000020a0000,0x00000000021a0000)]

Other Threads:
  0x0000000014cc8000 VMThread [stack: 0x0000000015d50000,0x0000000015e50000] [id=6260]
  0x000000001654d800 WatcherThread [stack: 0x0000000016aa0000,0x0000000016ba0000] [id=10188]

VM state:not at safepoint (normal execution)

VM Mutex/Monitor currently owned by a thread:  ([mutex/lock_event])
[0x000000000262c530] Heap_lock - owner thread: 0x000000001678c800

Heap:
 PSYoungGen      total 138240K, used 5102K [0x00000000eab00000, 0x00000000f3700000, 0x0000000100000000)
  eden space 133120K, 0% used [0x00000000eab00000,0x00000000eab00018,0x00000000f2d00000)
  from space 5120K, 99% used [0x00000000f3200000,0x00000000f36fbb08,0x00000000f3700000)
  to   space 5120K, 0% used [0x00000000f2d00000,0x00000000f2d00000,0x00000000f3200000)
 ParOldGen       total 87552K, used 25981K [0x00000000c0000000, 0x00000000c5580000, 0x00000000eab00000)
  object space 87552K, 29% used [0x00000000c0000000,0x00000000c195f7a8,0x00000000c5580000)
 Metaspace       used 6235K, capacity 7090K, committed 7296K, reserved 1056768K
  class space    used 600K, capacity 618K, committed 640K, reserved 1048576K

Card table byte_map: [0x00000000119f0000,0x0000000011c00000] byte_map_base: 0x00000000113f0000

Marking Bits: (ParMarkBitMap*) 0x000000006872a5b0
 Begin Bits: [0x0000000012160000, 0x0000000013160000)
 End Bits:   [0x0000000013160000, 0x0000000014160000)

Polling page: 0x00000000021a0000

CodeCache: size=245760Kb used=7951Kb max_used=7951Kb free=237808Kb
 bounds [0x0000000002630000, 0x0000000002e00000, 0x0000000011630000]
 total_blobs=1991 nmethods=1720 adapters=184
 compilation: enabled

Compilation events (10 events):
Event: 14.344 Thread 0x0000000016501800 1773       2       com.android.dx.dex.file.ClassDefItem::addInstanceField (9 bytes)
Event: 14.344 Thread 0x0000000016501800 nmethod 1773 0x0000000002dbbb50 code [0x0000000002dbbce0, 0x0000000002dbc018]
Event: 14.344 Thread 0x0000000016501800 1774       2       com.android.dx.dex.file.ClassDataItem::addInstanceField (24 bytes)
Event: 14.345 Thread 0x0000000016501800 nmethod 1774 0x0000000002dbb3d0 code [0x0000000002dbb560, 0x0000000002dbb8b8]
Event: 14.352 Thread 0x0000000016501800 1775   !   2       com.android.dx.cf.code.BytecodeArray::parseInstruction (2764 bytes)
Event: 14.365 Thread 0x0000000016501800 nmethod 1775 0x0000000002deb990 code [0x0000000002dec8c0, 0x0000000002df2f28]
Event: 14.365 Thread 0x0000000016501800 1776       2       com.android.dx.cf.code.ByteOps::opInfo (6 bytes)
Event: 14.365 Thread 0x0000000016501800 nmethod 1776 0x0000000002dbb050 code [0x0000000002dbb1a0, 0x0000000002dbb2f0]
Event: 14.365 Thread 0x0000000016501800 1777       2       com.android.dx.cf.code.BasicBlocker::visitBranch (98 bytes)
Event: 14.366 Thread 0x0000000016501800 nmethod 1777 0x0000000002d89350 code [0x0000000002d89560, 0x0000000002d89cf8]

GC Heap History (8 events):
Event: 5.846 GC heap before
{Heap before GC invocations=1 (full 0):
 PSYoungGen      total 38400K, used 33280K [0x00000000eab00000, 0x00000000ed580000, 0x0000000100000000)
  eden space 33280K, 100% used [0x00000000eab00000,0x00000000ecb80000,0x00000000ecb80000)
  from space 5120K, 0% used [0x00000000ed080000,0x00000000ed080000,0x00000000ed580000)
  to   space 5120K, 0% used [0x00000000ecb80000,0x00000000ecb80000,0x00000000ed080000)
 ParOldGen       total 87552K, used 0K [0x00000000c0000000, 0x00000000c5580000, 0x00000000eab00000)
  object space 87552K, 0% used [0x00000000c0000000,0x00000000c0000000,0x00000000c5580000)
 Metaspace       used 6124K, capacity 7026K, committed 7296K, reserved 1056768K
  class space    used 600K, capacity 618K, committed 640K, reserved 1048576K
Event: 6.583 GC heap after
Heap after GC invocations=1 (full 0):
 PSYoungGen      total 38400K, used 5101K [0x00000000eab00000, 0x00000000ef600000, 0x0000000100000000)
  eden space 33280K, 0% used [0x00000000eab00000,0x00000000eab00000,0x00000000ecb80000)
  from space 5120K, 99% used [0x00000000ecb80000,0x00000000ed07b638,0x00000000ed080000)
  to   space 5120K, 0% used [0x00000000ef100000,0x00000000ef100000,0x00000000ef600000)
 ParOldGen       total 87552K, used 1246K [0x00000000c0000000, 0x00000000c5580000, 0x00000000eab00000)
  object space 87552K, 1% used [0x00000000c0000000,0x00000000c0137808,0x00000000c5580000)
 Metaspace       used 6124K, capacity 7026K, committed 7296K, reserved 1056768K
  class space    used 600K, capacity 618K, committed 640K, reserved 1048576K
}
Event: 9.820 GC heap before
{Heap before GC invocations=2 (full 0):
 PSYoungGen      total 38400K, used 38381K [0x00000000eab00000, 0x00000000ef600000, 0x0000000100000000)
  eden space 33280K, 100% used [0x00000000eab00000,0x00000000ecb80000,0x00000000ecb80000)
  from space 5120K, 99% used [0x00000000ecb80000,0x00000000ed07b638,0x00000000ed080000)
  to   space 5120K, 0% used [0x00000000ef100000,0x00000000ef100000,0x00000000ef600000)
 ParOldGen       total 87552K, used 1246K [0x00000000c0000000, 0x00000000c5580000, 0x00000000eab00000)
  object space 87552K, 1% used [0x00000000c0000000,0x00000000c0137808,0x00000000c5580000)
 Metaspace       used 6200K, capacity 7090K, committed 7296K, reserved 1056768K
  class space    used 600K, capacity 618K, committed 640K, reserved 1048576K
Event: 10.021 GC heap after
Heap after GC invocations=2 (full 0):
 PSYoungGen      total 71680K, used 5118K [0x00000000eab00000, 0x00000000ef600000, 0x0000000100000000)
  eden space 66560K, 0% used [0x00000000eab00000,0x00000000eab00000,0x00000000eec00000)
  from space 5120K, 99% used [0x00000000ef100000,0x00000000ef5ffb70,0x00000000ef600000)
  to   space 5120K, 0% used [0x00000000eec00000,0x00000000eec00000,0x00000000ef100000)
 ParOldGen       total 87552K, used 6077K [0x00000000c0000000, 0x00000000c5580000, 0x00000000eab00000)
  object space 87552K, 6% used [0x00000000c0000000,0x00000000c05ef6d8,0x00000000c5580000)
 Metaspace       used 6200K, capacity 7090K, committed 7296K, reserved 1056768K
  class space    used 600K, capacity 618K, committed 640K, reserved 1048576K
}
Event: 11.754 GC heap before
{Heap before GC invocations=3 (full 0):
 PSYoungGen      total 71680K, used 71678K [0x00000000eab00000, 0x00000000ef600000, 0x0000000100000000)
  eden space 66560K, 100% used [0x00000000eab00000,0x00000000eec00000,0x00000000eec00000)
  from space 5120K, 99% used [0x00000000ef100000,0x00000000ef5ffb70,0x00000000ef600000)
  to   space 5120K, 0% used [0x00000000eec00000,0x00000000eec00000,0x00000000ef100000)
 ParOldGen       total 87552K, used 6077K [0x00000000c0000000, 0x00000000c5580000, 0x00000000eab00000)
  object space 87552K, 6% used [0x00000000c0000000,0x00000000c05ef6d8,0x00000000c5580000)
 Metaspace       used 6222K, capacity 7090K, committed 7296K, reserved 1056768K
  class space    used 600K, capacity 618K, committed 640K, reserved 1048576K
Event: 12.620 GC heap after
Heap after GC invocations=3 (full 0):
 PSYoungGen      total 71680K, used 5116K [0x00000000eab00000, 0x00000000f3700000, 0x0000000100000000)
  eden space 66560K, 0% used [0x00000000eab00000,0x00000000eab00000,0x00000000eec00000)
  from space 5120K, 99% used [0x00000000eec00000,0x00000000ef0ff2f0,0x00000000ef100000)
  to   space 5120K, 0% used [0x00000000f3200000,0x00000000f3200000,0x00000000f3700000)
 ParOldGen       total 87552K, used 15991K [0x00000000c0000000, 0x00000000c5580000, 0x00000000eab00000)
  object space 87552K, 18% used [0x00000000c0000000,0x00000000c0f9dc00,0x00000000c5580000)
 Metaspace       used 6222K, capacity 7090K, committed 7296K, reserved 1056768K
  class space    used 600K, capacity 618K, committed 640K, reserved 1048576K
}
Event: 14.387 GC heap before
{Heap before GC invocations=4 (full 0):
 PSYoungGen      total 71680K, used 71676K [0x00000000eab00000, 0x00000000f3700000, 0x0000000100000000)
  eden space 66560K, 100% used [0x00000000eab00000,0x00000000eec00000,0x00000000eec00000)
  from space 5120K, 99% used [0x00000000eec00000,0x00000000ef0ff2f0,0x00000000ef100000)
  to   space 5120K, 0% used [0x00000000f3200000,0x00000000f3200000,0x00000000f3700000)
 ParOldGen       total 87552K, used 15991K [0x00000000c0000000, 0x00000000c5580000, 0x00000000eab00000)
  object space 87552K, 18% used [0x00000000c0000000,0x00000000c0f9dc00,0x00000000c5580000)
 Metaspace       used 6235K, capacity 7090K, committed 7296K, reserved 1056768K
  class space    used 600K, capacity 618K, committed 640K, reserved 1048576K
Event: 14.588 GC heap after
Heap after GC invocations=4 (full 0):
 PSYoungGen      total 138240K, used 5102K [0x00000000eab00000, 0x00000000f3700000, 0x0000000100000000)
  eden space 133120K, 0% used [0x00000000eab00000,0x00000000eab00000,0x00000000f2d00000)
  from space 5120K, 99% used [0x00000000f3200000,0x00000000f36fbb08,0x00000000f3700000)
  to   space 5120K, 0% used [0x00000000f2d00000,0x00000000f2d00000,0x00000000f3200000)
 ParOldGen       total 87552K, used 25981K [0x00000000c0000000, 0x00000000c5580000, 0x00000000eab00000)
  object space 87552K, 29% used [0x00000000c0000000,0x00000000c195f7a8,0x00000000c5580000)
 Metaspace       used 6235K, capacity 7090K, committed 7296K, reserved 1056768K
  class space    used 600K, capacity 618K, committed 640K, reserved 1048576K
}

Deoptimization events (10 events):
Event: 3.242 Thread 0x000000001678c800 Uncommon trap: reason=class_check action=maybe_recompile pc=0x00000000029891a0 method=com.android.dx.ssa.NormalSsaInsn.accept(Lcom/android/dx/ssa/SsaInsn$Visitor;)V @ 9
Event: 3.249 Thread 0x000000001678d000 Uncommon trap: reason=unstable_if action=reinterpret pc=0x000000000290866c method=com.android.dx.rop.code.RegisterSpecSet.put(Lcom/android/dx/rop/code/RegisterSpec;)V @ 77
Event: 3.277 Thread 0x000000001678c800 Uncommon trap: reason=class_check action=maybe_recompile pc=0x00000000029891a0 method=com.android.dx.ssa.NormalSsaInsn.accept(Lcom/android/dx/ssa/SsaInsn$Visitor;)V @ 9
Event: 3.289 Thread 0x00000000167be000 Uncommon trap: reason=class_check action=maybe_recompile pc=0x00000000029891a0 method=com.android.dx.ssa.NormalSsaInsn.accept(Lcom/android/dx/ssa/SsaInsn$Visitor;)V @ 9
Event: 3.324 Thread 0x00000000167be000 Uncommon trap: reason=class_check action=maybe_recompile pc=0x00000000029891a0 method=com.android.dx.ssa.NormalSsaInsn.accept(Lcom/android/dx/ssa/SsaInsn$Visitor;)V @ 9
Event: 10.055 Thread 0x00000000024d0800 Uncommon trap: reason=null_check action=make_not_entrant pc=0x0000000002a2d914 method=com.android.dx.ssa.SsaRenamer.getLocalForNewReg(I)Lcom/android/dx/rop/code/LocalItem; @ 19
Event: 10.185 Thread 0x00000000167be000 Uncommon trap: reason=class_check action=maybe_recompile pc=0x00000000028cd8b0 method=com.android.dx.ssa.NormalSsaInsn.accept(Lcom/android/dx/ssa/SsaInsn$Visitor;)V @ 9
Event: 12.631 Thread 0x0000000016789000 Uncommon trap: reason=unstable_if action=reinterpret pc=0x0000000002c3f680 method=com.android.dx.rop.code.RegisterSpec.equals(ILcom/android/dx/rop/type/TypeBearer;Lcom/android/dx/rop/code/LocalItem;)Z @ 42
Event: 12.767 Thread 0x00000000167be000 Uncommon trap: reason=unstable_if action=reinterpret pc=0x0000000002d2dc98 method=java.util.BitSet.clone()Ljava/lang/Object; @ 4
Event: 14.351 Thread 0x000000001678c800 Uncommon trap: reason=uninitialized action=reinterpret pc=0x0000000002b23150 method=com.android.dx.cf.code.BytecodeArray.parseInstruction(ILcom/android/dx/cf/code/BytecodeArray$Visitor;)I @ 1079

Internal exceptions (3 events):
Event: 0.074 Thread 0x00000000024d0800 Exception <a 'java/lang/NoSuchMethodError': Method sun.misc.Unsafe.defineClass(Ljava/lang/String;[BII)Ljava/lang/Class; name or signature does not match> (0x00000000eab13048) thrown at [C:\re\workspace\8-2-build-windows-amd64-cygwin\jdk8u60\4407\hotspot\sr
Event: 0.074 Thread 0x00000000024d0800 Exception <a 'java/lang/NoSuchMethodError': Method sun.misc.Unsafe.prefetchRead(Ljava/lang/Object;J)V name or signature does not match> (0x00000000eab13330) thrown at [C:\re\workspace\8-2-build-windows-amd64-cygwin\jdk8u60\4407\hotspot\src\share\vm\prims\j´Éô™>$@
Event: 10.055 Thread 0x00000000024d0800 Implicit null exception at 0x0000000002a2c801 to 0x0000000002a2d8dd

Events (10 events):
Event: 13.993 Thread 0x000000001678c800 DEOPT UNPACKING pc=0x000000000267787f sp=0x000000001779e9a0 mode 0
Event: 14.350 Thread 0x0000000016789000 DEOPT PACKING pc=0x0000000002a90b6d sp=0x000000001769e9d0
Event: 14.350 Thread 0x0000000016789000 DEOPT UNPACKING pc=0x000000000267787f sp=0x000000001769e760 mode 0
Event: 14.351 Thread 0x000000001678c800 Uncommon trap: trap_request=0xffffffb5 fr.pc=0x0000000002b23150
Event: 14.351 Thread 0x000000001678c800 DEOPT PACKING pc=0x0000000002b23150 sp=0x000000001779eb80
Event: 14.351 Thread 0x000000001678c800 DEOPT UNPACKING pc=0x000000000267582a sp=0x000000001779eb00 mode 2
Event: 14.377 Thread 0x000000001678c800 DEOPT PACKING pc=0x0000000002aae219 sp=0x000000001779eb50
Event: 14.377 Thread 0x000000001678c800 DEOPT UNPACKING pc=0x000000000267787f sp=0x000000001779e980 mode 0
Event: 14.381 Executing VM operation: ParallelGCFailedAllocation
Event: 14.588 Executing VM operation: ParallelGCFailedAllocation done


Dynamic libraries:
0x00007ff68cd40000 - 0x00007ff68cd77000 	C:\Program Files\Java\jdk1.8.0_60\bin\java.exe
0x00007ff98d740000 - 0x00007ff98d8ed000 	C:\windows\SYSTEM32\ntdll.dll
0x00007ff98be50000 - 0x00007ff98bf8e000 	C:\windows\system32\KERNEL32.DLL
0x00007ff98a960000 - 0x00007ff98aa75000 	C:\windows\system32\KERNELBASE.dll
0x00007ff989430000 - 0x00007ff9894be000 	C:\windows\system32\apphelp.dll
0x00007ff97ccf0000 - 0x00007ff97cd43000 	C:\windows\AppPatch\AppPatch64\AcGenral.DLL
0x00007ff98bf90000 - 0x00007ff98c03a000 	C:\windows\system32\msvcrt.dll
0x00007ff98a6c0000 - 0x00007ff98a6ee000 	C:\windows\SYSTEM32\SspiCli.dll
0x00007ff98d6c0000 - 0x00007ff98d714000 	C:\windows\system32\SHLWAPI.dll
0x00007ff98b700000 - 0x00007ff98b877000 	C:\windows\system32\USER32.dll
0x00007ff98b4f0000 - 0x00007ff98b684000 	C:\windows\system32\ole32.dll
0x00007ff98c190000 - 0x00007ff98d6ba000 	C:\windows\system32\SHELL32.dll
0x00007ff989e30000 - 0x00007ff989e51000 	C:\windows\SYSTEM32\USERENV.dll
0x00007ff98bab0000 - 0x00007ff98bb5a000 	C:\windows\system32\ADVAPI32.dll
0x00007ff97adc0000 - 0x00007ff97adde000 	C:\windows\SYSTEM32\MPR.dll
0x00007ff98c040000 - 0x00007ff98c181000 	C:\windows\system32\RPCRT4.dll
0x00007ff98bb60000 - 0x00007ff98bbb9000 	C:\windows\SYSTEM32\sechost.dll
0x00007ff98bbc0000 - 0x00007ff98bdd1000 	C:\windows\SYSTEM32\combase.dll
0x00007ff98b1b0000 - 0x00007ff98b300000 	C:\windows\system32\GDI32.dll
0x00007ff98a890000 - 0x00007ff98a8a5000 	C:\windows\SYSTEM32\profapi.dll
0x00007ff9890c0000 - 0x00007ff989172000 	C:\windows\SYSTEM32\SHCORE.dll
0x00007ff98ba60000 - 0x00007ff98ba96000 	C:\windows\system32\IMM32.DLL
0x00007ff98b050000 - 0x00007ff98b1a2000 	C:\windows\system32\MSCTF.dll
0x00007ff988c40000 - 0x00007ff988ebb000 	C:\windows\WinSxS\amd64_microsoft.windows.common-controls_6595b64144ccf1df_6.0.9600.18006_none_623f33d3ecbe86e8\COMCTL32.dll
0x00000000679c0000 - 0x0000000067a92000 	C:\Program Files\Java\jdk1.8.0_60\jre\bin\msvcr100.dll
0x0000000067f20000 - 0x00000000687a9000 	C:\Program Files\Java\jdk1.8.0_60\jre\bin\server\jvm.dll
0x00007ff986570000 - 0x00007ff986579000 	C:\windows\SYSTEM32\WSOCK32.dll
0x00007ff984060000 - 0x00007ff984082000 	C:\windows\SYSTEM32\WINMM.dll
0x00007ff986580000 - 0x00007ff98658a000 	C:\windows\SYSTEM32\VERSION.dll
0x00007ff98b690000 - 0x00007ff98b697000 	C:\windows\system32\PSAPI.DLL
0x00007ff98bde0000 - 0x00007ff98be3a000 	C:\windows\system32\WS2_32.dll
0x00007ff984030000 - 0x00007ff98405a000 	C:\windows\SYSTEM32\WINMMBASE.dll
0x00007ff98be40000 - 0x00007ff98be49000 	C:\windows\system32\NSI.dll
0x00007ff98aa80000 - 0x00007ff98aacf000 	C:\windows\SYSTEM32\cfgmgr32.dll
0x00007ff989680000 - 0x00007ff9896a8000 	C:\windows\SYSTEM32\DEVOBJ.dll
0x0000000067e30000 - 0x0000000067e3f000 	C:\Program Files\Java\jdk1.8.0_60\jre\bin\verify.dll
0x0000000067e00000 - 0x0000000067e29000 	C:\Program Files\Java\jdk1.8.0_60\jre\bin\java.dll
0x0000000067de0000 - 0x0000000067df6000 	C:\Program Files\Java\jdk1.8.0_60\jre\bin\zip.dll

VM Arguments:
jvm_args: -Djava.awt.headless=true -Xmx1024M -Dfile.encoding=GBK -Duser.country=CN -Duser.language=zh -Duser.variant 
java_command: com.android.dx.command.Main --dex --num-threads=4 --output D:\phonegap\HelloWorld\platforms\android\build\intermediates\pre-dexed\debug\protobuf-java-2.4.1_24336f6b30705950af297474deca6416db4b982c.jar D:\phonegap\HelloWorld\platforms\android\libs\protobuf-java-2.4.1.jar
java_class_path (initial): D:\tools\android\studio\sdk\build-tools\23.0.2\lib\dx.jar
Launcher Type: SUN_STANDARD

Environment Variables:
CLASSPATH=.
PATH=C:\ProgramData\Oracle\Java\javapath;C:\Program Files (x86)\Intel\iCLS Client\;C:\Program Files\Intel\iCLS Client\;C:\windows\system32;C:\windows;C:\windows\System32\Wbem;C:\windows\System32\WindowsPowerShell\v1.0\;C:\Program Files\Intel\Intel(R) Management Engine Components\DAL;C:\Program Files (x86)\Intel\Intel(R) Management Engine Components\DAL;C:\Program Files\Intel\Intel(R) Management Engine Components\IPT;C:\Program Files (x86)\Intel\Intel(R) Management Engine Components\IPT;C:\Program Files (x86)\ATI Technologies\ATI.ACE\Core-Static;C:\ProgramData\Lenovo\ReadyApps;C:\Program Files\Java\jdk1.8.0_60\bin;C:\Program Files\Java\jre1.8.0_60\bin;D:\tools\android\eclipse\adt-bundle-windows-x86_64-20140321\platform-tools;C:\Program Files\nodejs\;C:\Program Files\nodejs\node_globa
USERNAME=Œ¿±Î
OS=Windows_NT
PROCESSOR_IDENTIFIER=Intel64 Family 6 Model 69 Stepping 1, GenuineIntel



---------------  S Y S T E M  ---------------

OS: Windows 8.1 , 64 bit Build 9600 (6.3.9600.17415)

CPU:total 4 (2 cores per cpu, 2 threads per core) family 6 model 69 stepping 1, cmov, cx8, fxsr, mmx, sse, sse2, sse3, ssse3, sse4.1, sse4.2, popcnt, avx, avx2, aes, clmul, erms, lzcnt, ht, tsc, tscinvbit, bmi1, bmi2

Memory: 4k page, physical 8310040k(2184836k free), swap 8310040k(5264k free)

vm_info: Java HotSpot(TM) 64-Bit Server VM (25.60-b23) for windows-amd64 JRE (1.8.0_60-b27), built on Aug  4 2015 11:06:27 by "java_re" with MS VC++ 10.0 (VS2010)

time: Wed Apr 20 17:53:22 2016
elapsed time: 14 seconds (0d 0h 0m 14s)

