#
# There is insufficient memory for the Java Runtime Environment to continue.
# Native memory allocation (malloc) failed to allocate 1350336 bytes for Chunk::new
# Possible reasons:
#   The system is out of physical RAM or swap space
#   In 32 bit mode, the process size limit was hit
# Possible solutions:
#   Reduce memory load on the system
#   Increase physical memory or swap space
#   Check if swap backing store is full
#   Use 64 bit Java on a 64 bit OS
#   Decrease Java heap size (-Xmx/-Xms)
#   Decrease number of Java threads
#   Decrease Java thread stack sizes (-Xss)
#   Set larger code cache with -XX:ReservedCodeCacheSize=
# This output file may be truncated or incomplete.
#
#  Out of Memory Error (allocation.cpp:390), pid=1444, tid=8368
#
# JRE version: Java(TM) SE Runtime Environment (8.0_60-b27) (build 1.8.0_60-b27)
# Java VM: Java HotSpot(TM) 64-Bit Server VM (25.60-b23 mixed mode windows-amd64 compressed oops)
# Failed to write core dump. Minidumps are not enabled by default on client versions of Windows
#

---------------  T H R E A D  ---------------

Current thread (0x00000000151ee800):  JavaThread "C2 CompilerThread0" daemon [_thread_in_native, id=8368, stack(0x0000000016750000,0x0000000016850000)]

Stack: [0x0000000016750000,0x0000000016850000]
[error occurred during error reporting (printing stack bounds), id 0xc0000005]

Native frames: (J=compiled Java code, j=interpreted, Vv=VM code, C=native code)


Current CompileTask:
C2:  13141 1839       4       com.android.dx.ssa.SsaMethod::mapRegisters (87 bytes)


---------------  P R O C E S S  ---------------

Java Threads: ( => current thread )
  0x0000000016c20800 JavaThread "pool-1-thread-4" [_thread_in_Java, id=8584, stack(0x0000000017450000,0x0000000017550000)]
  0x0000000016c1d000 JavaThread "pool-1-thread-3" [_thread_blocked, id=7268, stack(0x0000000017350000,0x0000000017450000)]
  0x0000000016c1b800 JavaThread "pool-1-thread-2" [_thread_blocked, id=1476, stack(0x0000000017250000,0x0000000017350000)]
  0x0000000016c1a800 JavaThread "pool-2-thread-1" [_thread_blocked, id=10948, stack(0x0000000017150000,0x0000000017250000)]
  0x0000000016c18000 JavaThread "pool-1-thread-1" [_thread_in_Java, id=6228, stack(0x0000000017050000,0x0000000017150000)]
  0x00000000169af000 JavaThread "Service Thread" daemon [_thread_blocked, id=9716, stack(0x0000000016e50000,0x0000000016f50000)]
  0x00000000169a9800 JavaThread "C1 CompilerThread2" daemon [_thread_blocked, id=9676, stack(0x0000000016d50000,0x0000000016e50000)]
  0x000000001523c000 JavaThread "C2 CompilerThread1" daemon [_thread_in_native, id=2112, stack(0x0000000016850000,0x0000000016950000)]
=>0x00000000151ee800 JavaThread "C2 CompilerThread0" daemon [_thread_in_native, id=8368, stack(0x0000000016750000,0x0000000016850000)]
  0x00000000151ec800 JavaThread "Attach Listener" daemon [_thread_blocked, id=9816, stack(0x0000000016650000,0x0000000016750000)]
  0x00000000151eb800 JavaThread "Signal Dispatcher" daemon [_thread_blocked, id=1404, stack(0x0000000016550000,0x0000000016650000)]
  0x0000000002b00800 JavaThread "Finalizer" daemon [_thread_blocked, id=9360, stack(0x0000000016450000,0x0000000016550000)]
  0x0000000002afd000 JavaThread "Reference Handler" daemon [_thread_blocked, id=9796, stack(0x0000000016350000,0x0000000016450000)]
  0x0000000002a10800 JavaThread "main" [_thread_in_Java, id=9280, stack(0x0000000002840000,0x0000000002940000)]

Other Threads:
  0x00000000151a8000 VMThread [stack: 0x0000000016250000,0x0000000016350000] [id=9484]
  0x00000000169c6800 WatcherThread [stack: 0x0000000016f50000,0x0000000017050000] [id=2136]

VM state:not at safepoint (normal execution)

VM Mutex/Monitor currently owned by a thread: None

Heap:
 PSYoungGen      total 71680K, used 65981K [0x00000000eab00000, 0x00000000f3700000, 0x0000000100000000)
  eden space 66560K, 91% used [0x00000000eab00000,0x00000000ee672c30,0x00000000eec00000)
  from space 5120K, 99% used [0x00000000eec00000,0x00000000ef0fcb08,0x00000000ef100000)
  to   space 5120K, 0% used [0x00000000f3200000,0x00000000f3200000,0x00000000f3700000)
 ParOldGen       total 87552K, used 19934K [0x00000000c0000000, 0x00000000c5580000, 0x00000000eab00000)
  object space 87552K, 22% used [0x00000000c0000000,0x00000000c1377890,0x00000000c5580000)
 Metaspace       used 6342K, capacity 7128K, committed 7424K, reserved 1056768K
  class space    used 620K, capacity 656K, committed 768K, reserved 1048576K

Card table byte_map: [0x0000000011ed0000,0x00000000120e0000] byte_map_base: 0x00000000118d0000

Marking Bits: (ParMarkBitMap*) 0x000000006872a5b0
 Begin Bits: [0x0000000012640000, 0x0000000013640000)
 End Bits:   [0x0000000013640000, 0x0000000014640000)

Polling page: 0x00000000024d0000

CodeCache: size=245760Kb used=8274Kb max_used=8274Kb free=237485Kb
 bounds [0x0000000002b10000, 0x0000000003330000, 0x0000000011b10000]
 total_blobs=1993 nmethods=1721 adapters=184
 compilation: enabled

Compilation events (10 events):
Event: 12.993 Thread 0x00000000169a9800 1852       2       com.android.dx.ssa.LocalVariableExtractor::processBlock (383 bytes)
Event: 12.996 Thread 0x00000000169a9800 nmethod 1852 0x000000000331c450 code [0x000000000331c7c0, 0x000000000331d9b8]
Event: 13.003 Thread 0x00000000169a9800 1855       1       com.android.dx.rop.annotation.NameValuePair::getValue (5 bytes)
Event: 13.004 Thread 0x00000000169a9800 nmethod 1855 0x000000000331c190 code [0x000000000331c2e0, 0x000000000331c3f0]
Event: 13.004 Thread 0x00000000169a9800 1856       2       com.android.dx.cf.direct.DirectClassFile::getThisClass (9 bytes)
Event: 13.004 Thread 0x00000000169a9800 nmethod 1856 0x000000000331bdd0 code [0x000000000331bf40, 0x000000000331c0c8]
Event: 13.005 Thread 0x00000000169a9800 1857       2       java.util.HashMap::comparableClassFor (105 bytes)
Event: 13.006 Thread 0x00000000169a9800 nmethod 1857 0x000000000331b490 code [0x000000000331b640, 0x000000000331baa8]
Event: 13.008 Thread 0x00000000169a9800 1858       2       com.android.dx.dex.file.ValueEncoder::addContents (75 bytes)
Event: 13.008 Thread 0x00000000169a9800 nmethod 1858 0x00000000033298d0 code [0x0000000003329a80, 0x0000000003329e28]

GC Heap History (6 events):
Event: 3.242 GC heap before
{Heap before GC invocations=1 (full 0):
 PSYoungGen      total 38400K, used 33280K [0x00000000eab00000, 0x00000000ed580000, 0x0000000100000000)
  eden space 33280K, 100% used [0x00000000eab00000,0x00000000ecb80000,0x00000000ecb80000)
  from space 5120K, 0% used [0x00000000ed080000,0x00000000ed080000,0x00000000ed580000)
  to   space 5120K, 0% used [0x00000000ecb80000,0x00000000ecb80000,0x00000000ed080000)
 ParOldGen       total 87552K, used 0K [0x00000000c0000000, 0x00000000c5580000, 0x00000000eab00000)
  object space 87552K, 0% used [0x00000000c0000000,0x00000000c0000000,0x00000000c5580000)
 Metaspace       used 6035K, capacity 6898K, committed 7040K, reserved 1056768K
  class space    used 597K, capacity 618K, committed 640K, reserved 1048576K
Event: 3.469 GC heap after
Heap after GC invocations=1 (full 0):
 PSYoungGen      total 38400K, used 5096K [0x00000000eab00000, 0x00000000ef600000, 0x0000000100000000)
  eden space 33280K, 0% used [0x00000000eab00000,0x00000000eab00000,0x00000000ecb80000)
  from space 5120K, 99% used [0x00000000ecb80000,0x00000000ed07a038,0x00000000ed080000)
  to   space 5120K, 0% used [0x00000000ef100000,0x00000000ef100000,0x00000000ef600000)
 ParOldGen       total 87552K, used 1588K [0x00000000c0000000, 0x00000000c5580000, 0x00000000eab00000)
  object space 87552K, 1% used [0x00000000c0000000,0x00000000c018d148,0x00000000c5580000)
 Metaspace       used 6035K, capacity 6898K, committed 7040K, reserved 1056768K
  class space    used 597K, capacity 618K, committed 640K, reserved 1048576K
}
Event: 6.204 GC heap before
{Heap before GC invocations=2 (full 0):
 PSYoungGen      total 38400K, used 38376K [0x00000000eab00000, 0x00000000ef600000, 0x0000000100000000)
  eden space 33280K, 100% used [0x00000000eab00000,0x00000000ecb80000,0x00000000ecb80000)
  from space 5120K, 99% used [0x00000000ecb80000,0x00000000ed07a038,0x00000000ed080000)
  to   space 5120K, 0% used [0x00000000ef100000,0x00000000ef100000,0x00000000ef600000)
 ParOldGen       total 87552K, used 1588K [0x00000000c0000000, 0x00000000c5580000, 0x00000000eab00000)
  object space 87552K, 1% used [0x00000000c0000000,0x00000000c018d148,0x00000000c5580000)
 Metaspace       used 6153K, capacity 7026K, committed 7296K, reserved 1056768K
  class space    used 597K, capacity 618K, committed 640K, reserved 1048576K
Event: 6.915 GC heap after
Heap after GC invocations=2 (full 0):
 PSYoungGen      total 71680K, used 5096K [0x00000000eab00000, 0x00000000ef600000, 0x0000000100000000)
  eden space 66560K, 0% used [0x00000000eab00000,0x00000000eab00000,0x00000000eec00000)
  from space 5120K, 99% used [0x00000000ef100000,0x00000000ef5fa1d8,0x00000000ef600000)
  to   space 5120K, 0% used [0x00000000eec00000,0x00000000eec00000,0x00000000ef100000)
 ParOldGen       total 87552K, used 9822K [0x00000000c0000000, 0x00000000c5580000, 0x00000000eab00000)
  object space 87552K, 11% used [0x00000000c0000000,0x00000000c0997b68,0x00000000c5580000)
 Metaspace       used 6153K, capacity 7026K, committed 7296K, reserved 1056768K
  class space    used 597K, capacity 618K, committed 640K, reserved 1048576K
}
Event: 11.628 GC heap before
{Heap before GC invocations=3 (full 0):
 PSYoungGen      total 71680K, used 71656K [0x00000000eab00000, 0x00000000ef600000, 0x0000000100000000)
  eden space 66560K, 100% used [0x00000000eab00000,0x00000000eec00000,0x00000000eec00000)
  from space 5120K, 99% used [0x00000000ef100000,0x00000000ef5fa1d8,0x00000000ef600000)
  to   space 5120K, 0% used [0x00000000eec00000,0x00000000eec00000,0x00000000ef100000)
 ParOldGen       total 87552K, used 9822K [0x00000000c0000000, 0x00000000c5580000, 0x00000000eab00000)
  object space 87552K, 11% used [0x00000000c0000000,0x00000000c0997b68,0x00000000c5580000)
 Metaspace       used 6315K, capacity 7128K, committed 7424K, reserved 1056768K
  class space    used 620K, capacity 656K, committed 768K, reserved 1048576K
Event: 12.288 GC heap after
Heap after GC invocations=3 (full 0):
 PSYoungGen      total 71680K, used 5106K [0x00000000eab00000, 0x00000000f3700000, 0x0000000100000000)
  eden space 66560K, 0% used [0x00000000eab00000,0x00000000eab00000,0x00000000eec00000)
  from space 5120K, 99% used [0x00000000eec00000,0x00000000ef0fcb08,0x00000000ef100000)
  to   space 5120K, 0% used [0x00000000f3200000,0x00000000f3200000,0x00000000f3700000)
 ParOldGen       total 87552K, used 19934K [0x00000000c0000000, 0x00000000c5580000, 0x00000000eab00000)
  object space 87552K, 22% used [0x00000000c0000000,0x00000000c1377890,0x00000000c5580000)
 Metaspace       used 6315K, capacity 7128K, committed 7424K, reserved 1056768K
  class space    used 620K, capacity 656K, committed 768K, reserved 1048576K
}

Deoptimization events (10 events):
Event: 12.820 Thread 0x0000000016c1b800 Uncommon trap: reason=unstable_if action=reinterpret pc=0x0000000003305928 method=java.util.HashMap.putVal(ILjava/lang/Object;Ljava/lang/Object;ZZ)Ljava/lang/Object; @ 109
Event: 12.820 Thread 0x0000000016c1b800 Uncommon trap: reason=unstable_if action=reinterpret pc=0x0000000003140940 method=java.util.HashMap.getNode(ILjava/lang/Object;)Ljava/util/HashMap$Node; @ 84
Event: 12.821 Thread 0x0000000016c1b800 Uncommon trap: reason=unstable_if action=reinterpret pc=0x00000000031b969c method=java.util.HashMap.putVal(ILjava/lang/Object;Ljava/lang/Object;ZZ)Ljava/lang/Object; @ 162
Event: 12.824 Thread 0x0000000016c1b800 Uncommon trap: reason=class_check action=maybe_recompile pc=0x0000000003238944 method=com.android.dx.cf.code.BytecodeArray.parseInstruction(ILcom/android/dx/cf/code/BytecodeArray$Visitor;)I @ 1083
Event: 12.824 Thread 0x0000000016c1b800 Uncommon trap: reason=class_check action=maybe_recompile pc=0x0000000003238944 method=com.android.dx.cf.code.BytecodeArray.parseInstruction(ILcom/android/dx/cf/code/BytecodeArray$Visitor;)I @ 1083
Event: 12.830 Thread 0x0000000016c20800 Uncommon trap: reason=bimorphic action=maybe_recompile pc=0x00000000032f810c method=com.android.dx.rop.code.RegisterSpec.withSimpleType()Lcom/android/dx/rop/code/RegisterSpec; @ 21
Event: 12.832 Thread 0x0000000016c20800 Uncommon trap: reason=bimorphic action=maybe_recompile pc=0x00000000032f810c method=com.android.dx.rop.code.RegisterSpec.withSimpleType()Lcom/android/dx/rop/code/RegisterSpec; @ 21
Event: 12.973 Thread 0x0000000016c1d000 Uncommon trap: reason=unstable_if action=reinterpret pc=0x000000000321298c method=com.android.dx.ssa.LiteralOpUpgrader$1.visitNonMoveInsn(Lcom/android/dx/ssa/NormalSsaInsn;)V @ 55
Event: 12.991 Thread 0x0000000016c20800 Uncommon trap: reason=bimorphic action=maybe_recompile pc=0x00000000032f810c method=com.android.dx.rop.code.RegisterSpec.withSimpleType()Lcom/android/dx/rop/code/RegisterSpec; @ 21
Event: 12.992 Thread 0x0000000016c20800 Uncommon trap: reason=bimorphic action=maybe_recompile pc=0x00000000032f810c method=com.android.dx.rop.code.RegisterSpec.withSimpleType()Lcom/android/dx/rop/code/RegisterSpec; @ 21

Internal exceptions (7 events):
Event: 0.087 Thread 0x0000000002a10800 Exception <a 'java/lang/NoSuchMethodError': Method sun.misc.Unsafe.defineClass(Ljava/lang/String;[BII)Ljava/lang/Class; name or signature does not match> (0x00000000eab13048) thrown at [C:\re\workspace\8-2-build-windows-amd64-cygwin\jdk8u60\4407\hotspot\sr52á:¶?
Event: 0.087 Thread 0x0000000002a10800 Exception <a 'java/lang/NoSuchMethodError': Method sun.misc.Unsafe.prefetchRead(Ljava/lang/Object;J)V name or signature does not match> (0x00000000eab13330) thrown at [C:\re\workspace\8-2-build-windows-amd64-cygwin\jdk8u60\4407\hotspot\src\share\vm\prims\jè$§íÌ?@
Event: 7.312 Thread 0x0000000016c1d000 Implicit null exception at 0x00000000031478ad to 0x000000000314a075
Event: 7.313 Thread 0x0000000016c1d000 Implicit null exception at 0x000000000316374c to 0x0000000003166389
Event: 8.666 Thread 0x0000000016c1d000 Exception <a 'java/lang/ArrayIndexOutOfBoundsException': 18> (0x00000000ecc3bec0) thrown at [C:\re\workspace\8-2-build-windows-amd64-cygwin\jdk8u60\4407\hotspot\src\share\vm\interpreter\interpreterRuntime.cpp, line 366]
Event: 8.668 Thread 0x0000000016c1d000 Exception <a 'java/lang/ArrayIndexOutOfBoundsException'> (0x00000000ecc3da40) thrown at [C:\re\workspace\8-2-build-windows-amd64-cygwin\jdk8u60\4407\hotspot\src\share\vm\runtime\sharedRuntime.cpp, line 605]
Event: 8.669 Thread 0x0000000016c1d000 Exception <a 'java/lang/ArrayIndexOutOfBoundsException'> (0x00000000ecc3ed28) thrown at [C:\re\workspace\8-2-build-windows-amd64-cygwin\jdk8u60\4407\hotspot\src\share\vm\runtime\sharedRuntime.cpp, line 605]

Events (10 events):
Event: 12.973 Thread 0x0000000016c1d000 DEOPT PACKING pc=0x000000000321298c sp=0x000000001744eb40
Event: 12.973 Thread 0x0000000016c1d000 DEOPT UNPACKING pc=0x0000000002b5582a sp=0x000000001744eb70 mode 2
Event: 12.973 loading class com/android/dx/rop/code/RegOps
Event: 12.973 loading class com/android/dx/rop/code/RegOps done
Event: 12.991 Thread 0x0000000016c20800 Uncommon trap: trap_request=0xffffffc6 fr.pc=0x00000000032f810c
Event: 12.991 Thread 0x0000000016c20800 DEOPT PACKING pc=0x00000000032f810c sp=0x000000001754ea40
Event: 12.991 Thread 0x0000000016c20800 DEOPT UNPACKING pc=0x0000000002b5582a sp=0x000000001754e9a8 mode 2
Event: 12.992 Thread 0x0000000016c20800 Uncommon trap: trap_request=0xffffffc6 fr.pc=0x00000000032f810c
Event: 12.992 Thread 0x0000000016c20800 DEOPT PACKING pc=0x00000000032f810c sp=0x000000001754ea40
Event: 12.992 Thread 0x0000000016c20800 DEOPT UNPACKING pc=0x0000000002b5582a sp=0x000000001754e9a8 mode 2


Dynamic libraries:
0x00007ff68cd40000 - 0x00007ff68cd77000 	C:\Program Files\Java\jdk1.8.0_60\bin\java.exe
0x00007ff98d740000 - 0x00007ff98d8ed000 	C:\windows\SYSTEM32\ntdll.dll
0x00007ff98be50000 - 0x00007ff98bf8e000 	C:\windows\system32\KERNEL32.DLL
0x00007ff98a960000 - 0x00007ff98aa75000 	C:\windows\system32\KERNELBASE.dll
0x00007ff989430000 - 0x00007ff9894be000 	C:\windows\system32\apphelp.dll
0x00007ff97ccf0000 - 0x00007ff97cd43000 	C:\windows\AppPatch\AppPatch64\AcGenral.DLL
0x00007ff98bf90000 - 0x00007ff98c03a000 	C:\windows\system32\msvcrt.dll
0x00007ff98a6c0000 - 0x00007ff98a6ee000 	C:\windows\SYSTEM32\SspiCli.dll
0x00007ff98d6c0000 - 0x00007ff98d714000 	C:\windows\system32\SHLWAPI.dll
0x00007ff98b700000 - 0x00007ff98b877000 	C:\windows\system32\USER32.dll
0x00007ff98b4f0000 - 0x00007ff98b684000 	C:\windows\system32\ole32.dll
0x00007ff98c190000 - 0x00007ff98d6ba000 	C:\windows\system32\SHELL32.dll
0x00007ff989e30000 - 0x00007ff989e51000 	C:\windows\SYSTEM32\USERENV.dll
0x00007ff98bab0000 - 0x00007ff98bb5a000 	C:\windows\system32\ADVAPI32.dll
0x00007ff97adc0000 - 0x00007ff97adde000 	C:\windows\SYSTEM32\MPR.dll
0x00007ff98c040000 - 0x00007ff98c181000 	C:\windows\system32\RPCRT4.dll
0x00007ff98bb60000 - 0x00007ff98bbb9000 	C:\windows\SYSTEM32\sechost.dll
0x00007ff98bbc0000 - 0x00007ff98bdd1000 	C:\windows\SYSTEM32\combase.dll
0x00007ff98b1b0000 - 0x00007ff98b300000 	C:\windows\system32\GDI32.dll
0x00007ff98a890000 - 0x00007ff98a8a5000 	C:\windows\SYSTEM32\profapi.dll
0x00007ff9890c0000 - 0x00007ff989172000 	C:\windows\SYSTEM32\SHCORE.dll
0x00007ff98ba60000 - 0x00007ff98ba96000 	C:\windows\system32\IMM32.DLL
0x00007ff98b050000 - 0x00007ff98b1a2000 	C:\windows\system32\MSCTF.dll
0x00007ff988c40000 - 0x00007ff988ebb000 	C:\windows\WinSxS\amd64_microsoft.windows.common-controls_6595b64144ccf1df_6.0.9600.18006_none_623f33d3ecbe86e8\COMCTL32.dll
0x00000000679c0000 - 0x0000000067a92000 	C:\Program Files\Java\jdk1.8.0_60\jre\bin\msvcr100.dll
0x0000000067f20000 - 0x00000000687a9000 	C:\Program Files\Java\jdk1.8.0_60\jre\bin\server\jvm.dll
0x00007ff986570000 - 0x00007ff986579000 	C:\windows\SYSTEM32\WSOCK32.dll
0x00007ff984060000 - 0x00007ff984082000 	C:\windows\SYSTEM32\WINMM.dll
0x00007ff986580000 - 0x00007ff98658a000 	C:\windows\SYSTEM32\VERSION.dll
0x00007ff98b690000 - 0x00007ff98b697000 	C:\windows\system32\PSAPI.DLL
0x00007ff98bde0000 - 0x00007ff98be3a000 	C:\windows\system32\WS2_32.dll
0x00007ff984030000 - 0x00007ff98405a000 	C:\windows\SYSTEM32\WINMMBASE.dll
0x00007ff98be40000 - 0x00007ff98be49000 	C:\windows\system32\NSI.dll
0x00007ff98aa80000 - 0x00007ff98aacf000 	C:\windows\SYSTEM32\cfgmgr32.dll
0x00007ff989680000 - 0x00007ff9896a8000 	C:\windows\SYSTEM32\DEVOBJ.dll
0x0000000067e30000 - 0x0000000067e3f000 	C:\Program Files\Java\jdk1.8.0_60\jre\bin\verify.dll
0x0000000067e00000 - 0x0000000067e29000 	C:\Program Files\Java\jdk1.8.0_60\jre\bin\java.dll
0x0000000067de0000 - 0x0000000067df6000 	C:\Program Files\Java\jdk1.8.0_60\jre\bin\zip.dll

VM Arguments:
jvm_args: -Djava.awt.headless=true -Xmx1024M -Dfile.encoding=GBK -Duser.country=CN -Duser.language=zh -Duser.variant 
java_command: com.android.dx.command.Main --dex --num-threads=4 --output D:\phonegap\HelloWorld\platforms\android\build\intermediates\pre-dexed\debug\commons-lang-2.6_7404f14ca9db46fff83863fdb7dcb9d83699b398.jar D:\phonegap\HelloWorld\platforms\android\libs\commons-lang-2.6.jar
java_class_path (initial): D:\tools\android\studio\sdk\build-tools\23.0.2\lib\dx.jar
Launcher Type: SUN_STANDARD

Environment Variables:
CLASSPATH=.
PATH=C:\ProgramData\Oracle\Java\javapath;C:\Program Files (x86)\Intel\iCLS Client\;C:\Program Files\Intel\iCLS Client\;C:\windows\system32;C:\windows;C:\windows\System32\Wbem;C:\windows\System32\WindowsPowerShell\v1.0\;C:\Program Files\Intel\Intel(R) Management Engine Components\DAL;C:\Program Files (x86)\Intel\Intel(R) Management Engine Components\DAL;C:\Program Files\Intel\Intel(R) Management Engine Components\IPT;C:\Program Files (x86)\Intel\Intel(R) Management Engine Components\IPT;C:\Program Files (x86)\ATI Technologies\ATI.ACE\Core-Static;C:\ProgramData\Lenovo\ReadyApps;C:\Program Files\Java\jdk1.8.0_60\bin;C:\Program Files\Java\jre1.8.0_60\bin;D:\tools\android\eclipse\adt-bundle-windows-x86_64-20140321\platform-tools;C:\Program Files\nodejs\;C:\Program Files\nodejs\node_globa
USERNAME=ÎÀ±ë
OS=Windows_NT
PROCESSOR_IDENTIFIER=Intel64 Family 6 Model 69 Stepping 1, GenuineIntel



---------------  S Y S T E M  ---------------

OS: Windows 8.1 , 64 bit Build 9600 (6.3.9600.17415)

CPU:total 4 (2 cores per cpu, 2 threads per core) family 6 model 69 stepping 1, cmov, cx8, fxsr, mmx, sse, sse2, sse3, ssse3, sse4.1, sse4.2, popcnt, avx, avx2, aes, clmul, erms, lzcnt, ht, tsc, tscinvbit, bmi1, bmi2

Memory: 4k page, physical 8310040k(2177924k free), swap 8310040k(7332k free)

vm_info: Java HotSpot(TM) 64-Bit Server VM (25.60-b23) for windows-amd64 JRE (1.8.0_60-b27), built on Aug  4 2015 11:06:27 by "java_re" with MS VC++ 10.0 (VS2010)

time: Wed Apr 20 17:52:25 2016
elapsed time: 13 seconds (0d 0h 0m 13s)

